  Building Custom Rule C:/smartx1.0/modules/dlib/dlib-19.17/dlib/CMakeLists.txt
  CMake does not need to re-run because C:/smartx1.0/modules/dlib/dlib-19.17/dlib/CMakeFiles/generate.stamp is up-to-date.
cl : 命令行 warning D9002: 忽略未知选项“-fPIC”
cl : 命令行 warning D9002: 忽略未知选项“-fPIC”
  base64_kernel_1.cpp
cl : 命令行 warning D9002: 忽略未知选项“-fPIC”
cl : 命令行 warning D9002: 忽略未知选项“-fPIC”
cl : 命令行 warning D9002: 忽略未知选项“-fPIC”
  bigint_kernel_1.cpp
  bigint_kernel_2.cpp
  bit_stream_kernel_1.cpp
c:\smartx1.0\modules\dlib\dlib-19.17\dlib\config.h(11): warning C4005: “DLIB_DISABLE_ASSERTS”: 宏重定义 (编译源文件 C:\smartx1.0\modules\dlib\dlib-19.17\dlib\bigint\bigint_kernel_2.cpp)
  c:\smartx1.0\modules\dlib\dlib-19.17\dlib\config.h(11): note: 命令行参数: 参见前面的“DLIB_DISABLE_ASSERTS”定义 (编译源文件 C:\smartx1.0\modules\dlib\dlib-19.17\dlib\bigint\bigint_kernel_2.cpp)
c:\smartx1.0\modules\dlib\dlib-19.17\dlib\config.h(11): warning C4005: “DLIB_DISABLE_ASSERTS”: 宏重定义 (编译源文件 C:\smartx1.0\modules\dlib\dlib-19.17\dlib\bigint\bigint_kernel_1.cpp)
  c:\smartx1.0\modules\dlib\dlib-19.17\dlib\config.h(11): note: 命令行参数: 参见前面的“DLIB_DISABLE_ASSERTS”定义 (编译源文件 C:\smartx1.0\modules\dlib\dlib-19.17\dlib\bigint\bigint_kernel_1.cpp)
c:\smartx1.0\modules\dlib\dlib-19.17\dlib\config.h(22): warning C4005: “DLIB_JPEG_SUPPORT”: 宏重定义 (编译源文件 C:\smartx1.0\modules\dlib\dlib-19.17\dlib\bigint\bigint_kernel_2.cpp)
  c:\smartx1.0\modules\dlib\dlib-19.17\dlib\config.h(22): note: 命令行参数: 参见前面的“DLIB_JPEG_SUPPORT”定义 (编译源文件 C:\smartx1.0\modules\dlib\dlib-19.17\dlib\bigint\bigint_kernel_2.cpp)
c:\smartx1.0\modules\dlib\dlib-19.17\dlib\config.h(22): warning C4005: “DLIB_JPEG_SUPPORT”: 宏重定义 (编译源文件 C:\smartx1.0\modules\dlib\dlib-19.17\dlib\bigint\bigint_kernel_1.cpp)
  c:\smartx1.0\modules\dlib\dlib-19.17\dlib\config.h(22): note: 命令行参数: 参见前面的“DLIB_JPEG_SUPPORT”定义 (编译源文件 C:\smartx1.0\modules\dlib\dlib-19.17\dlib\bigint\bigint_kernel_1.cpp)
c:\smartx1.0\modules\dlib\dlib-19.17\dlib\config.h(23): warning C4005: “DLIB_PNG_SUPPORT”: 宏重定义 (编译源文件 C:\smartx1.0\modules\dlib\dlib-19.17\dlib\bigint\bigint_kernel_2.cpp)
  c:\smartx1.0\modules\dlib\dlib-19.17\dlib\config.h(23): note: 命令行参数: 参见前面的“DLIB_PNG_SUPPORT”定义 (编译源文件 C:\smartx1.0\modules\dlib\dlib-19.17\dlib\bigint\bigint_kernel_2.cpp)
c:\smartx1.0\modules\dlib\dlib-19.17\dlib\config.h(23): warning C4005: “DLIB_PNG_SUPPORT”: 宏重定义 (编译源文件 C:\smartx1.0\modules\dlib\dlib-19.17\dlib\bigint\bigint_kernel_1.cpp)
  c:\smartx1.0\modules\dlib\dlib-19.17\dlib\config.h(23): note: 命令行参数: 参见前面的“DLIB_PNG_SUPPORT”定义 (编译源文件 C:\smartx1.0\modules\dlib\dlib-19.17\dlib\bigint\bigint_kernel_1.cpp)
c:\smartx1.0\modules\dlib\dlib-19.17\dlib\config.h(11): warning C4005: “DLIB_DISABLE_ASSERTS”: 宏重定义 (编译源文件 C:\smartx1.0\modules\dlib\dlib-19.17\dlib\bit_stream\bit_stream_kernel_1.cpp)
  c:\smartx1.0\modules\dlib\dlib-19.17\dlib\config.h(11): note: 命令行参数: 参见前面的“DLIB_DISABLE_ASSERTS”定义 (编译源文件 C:\smartx1.0\modules\dlib\dlib-19.17\dlib\bit_stream\bit_stream_kernel_1.cpp)
c:\smartx1.0\modules\dlib\dlib-19.17\dlib\config.h(22): warning C4005: “DLIB_JPEG_SUPPORT”: 宏重定义 (编译源文件 C:\smartx1.0\modules\dlib\dlib-19.17\dlib\bit_stream\bit_stream_kernel_1.cpp)
  c:\smartx1.0\modules\dlib\dlib-19.17\dlib\config.h(22): note: 命令行参数: 参见前面的“DLIB_JPEG_SUPPORT”定义 (编译源文件 C:\smartx1.0\modules\dlib\dlib-19.17\dlib\bit_stream\bit_stream_kernel_1.cpp)
c:\smartx1.0\modules\dlib\dlib-19.17\dlib\config.h(23): warning C4005: “DLIB_PNG_SUPPORT”: 宏重定义 (编译源文件 C:\smartx1.0\modules\dlib\dlib-19.17\dlib\bit_stream\bit_stream_kernel_1.cpp)
  c:\smartx1.0\modules\dlib\dlib-19.17\dlib\config.h(23): note: 命令行参数: 参见前面的“DLIB_PNG_SUPPORT”定义 (编译源文件 C:\smartx1.0\modules\dlib\dlib-19.17\dlib\bit_stream\bit_stream_kernel_1.cpp)
c:\smartx1.0\modules\dlib\dlib-19.17\dlib\config.h(11): warning C4005: “DLIB_DISABLE_ASSERTS”: 宏重定义 (编译源文件 C:\smartx1.0\modules\dlib\dlib-19.17\dlib\base64\base64_kernel_1.cpp)
  c:\smartx1.0\modules\dlib\dlib-19.17\dlib\config.h(11): note: 命令行参数: 参见前面的“DLIB_DISABLE_ASSERTS”定义 (编译源文件 C:\smartx1.0\modules\dlib\dlib-19.17\dlib\base64\base64_kernel_1.cpp)
c:\smartx1.0\modules\dlib\dlib-19.17\dlib\config.h(22): warning C4005: “DLIB_JPEG_SUPPORT”: 宏重定义 (编译源文件 C:\smartx1.0\modules\dlib\dlib-19.17\dlib\base64\base64_kernel_1.cpp)
  c:\smartx1.0\modules\dlib\dlib-19.17\dlib\config.h(22): note: 命令行参数: 参见前面的“DLIB_JPEG_SUPPORT”定义 (编译源文件 C:\smartx1.0\modules\dlib\dlib-19.17\dlib\base64\base64_kernel_1.cpp)
c:\smartx1.0\modules\dlib\dlib-19.17\dlib\config.h(23): warning C4005: “DLIB_PNG_SUPPORT”: 宏重定义 (编译源文件 C:\smartx1.0\modules\dlib\dlib-19.17\dlib\base64\base64_kernel_1.cpp)
  c:\smartx1.0\modules\dlib\dlib-19.17\dlib\config.h(23): note: 命令行参数: 参见前面的“DLIB_PNG_SUPPORT”定义 (编译源文件 C:\smartx1.0\modules\dlib\dlib-19.17\dlib\base64\base64_kernel_1.cpp)
  entropy_decoder_kernel_1.cpp
  entropy_decoder_kernel_2.cpp
c:\smartx1.0\modules\dlib\dlib-19.17\dlib\config.h(11): warning C4005: “DLIB_DISABLE_ASSERTS”: 宏重定义 (编译源文件 C:\smartx1.0\modules\dlib\dlib-19.17\dlib\entropy_decoder\entropy_decoder_kernel_1.cpp)
  c:\smartx1.0\modules\dlib\dlib-19.17\dlib\config.h(11): note: 命令行参数: 参见前面的“DLIB_DISABLE_ASSERTS”定义 (编译源文件 C:\smartx1.0\modules\dlib\dlib-19.17\dlib\entropy_decoder\entropy_decoder_kernel_1.cpp)
c:\smartx1.0\modules\dlib\dlib-19.17\dlib\config.h(22): warning C4005: “DLIB_JPEG_SUPPORT”: 宏重定义 (编译源文件 C:\smartx1.0\modules\dlib\dlib-19.17\dlib\entropy_decoder\entropy_decoder_kernel_1.cpp)
  c:\smartx1.0\modules\dlib\dlib-19.17\dlib\config.h(22): note: 命令行参数: 参见前面的“DLIB_JPEG_SUPPORT”定义 (编译源文件 C:\smartx1.0\modules\dlib\dlib-19.17\dlib\entropy_decoder\entropy_decoder_kernel_1.cpp)
c:\smartx1.0\modules\dlib\dlib-19.17\dlib\config.h(23): warning C4005: “DLIB_PNG_SUPPORT”: 宏重定义 (编译源文件 C:\smartx1.0\modules\dlib\dlib-19.17\dlib\entropy_decoder\entropy_decoder_kernel_1.cpp)
  c:\smartx1.0\modules\dlib\dlib-19.17\dlib\config.h(23): note: 命令行参数: 参见前面的“DLIB_PNG_SUPPORT”定义 (编译源文件 C:\smartx1.0\modules\dlib\dlib-19.17\dlib\entropy_decoder\entropy_decoder_kernel_1.cpp)
  entropy_encoder_kernel_1.cpp
  entropy_encoder_kernel_2.cpp
c:\smartx1.0\modules\dlib\dlib-19.17\dlib\config.h(11): warning C4005: “DLIB_DISABLE_ASSERTS”: 宏重定义 (编译源文件 C:\smartx1.0\modules\dlib\dlib-19.17\dlib\entropy_decoder\entropy_decoder_kernel_2.cpp)
  c:\smartx1.0\modules\dlib\dlib-19.17\dlib\config.h(11): note: 命令行参数: 参见前面的“DLIB_DISABLE_ASSERTS”定义 (编译源文件 C:\smartx1.0\modules\dlib\dlib-19.17\dlib\entropy_decoder\entropy_decoder_kernel_2.cpp)
c:\smartx1.0\modules\dlib\dlib-19.17\dlib\config.h(22): warning C4005: “DLIB_JPEG_SUPPORT”: 宏重定义 (编译源文件 C:\smartx1.0\modules\dlib\dlib-19.17\dlib\entropy_decoder\entropy_decoder_kernel_2.cpp)
  c:\smartx1.0\modules\dlib\dlib-19.17\dlib\config.h(22): note: 命令行参数: 参见前面的“DLIB_JPEG_SUPPORT”定义 (编译源文件 C:\smartx1.0\modules\dlib\dlib-19.17\dlib\entropy_decoder\entropy_decoder_kernel_2.cpp)
c:\smartx1.0\modules\dlib\dlib-19.17\dlib\config.h(23): warning C4005: “DLIB_PNG_SUPPORT”: 宏重定义 (编译源文件 C:\smartx1.0\modules\dlib\dlib-19.17\dlib\entropy_decoder\entropy_decoder_kernel_2.cpp)
  c:\smartx1.0\modules\dlib\dlib-19.17\dlib\config.h(23): note: 命令行参数: 参见前面的“DLIB_PNG_SUPPORT”定义 (编译源文件 C:\smartx1.0\modules\dlib\dlib-19.17\dlib\entropy_decoder\entropy_decoder_kernel_2.cpp)
  md5_kernel_1.cpp
c:\smartx1.0\modules\dlib\dlib-19.17\dlib\config.h(11): warning C4005: “DLIB_DISABLE_ASSERTS”: 宏重定义 (编译源文件 C:\smartx1.0\modules\dlib\dlib-19.17\dlib\entropy_encoder\entropy_encoder_kernel_1.cpp)
  c:\smartx1.0\modules\dlib\dlib-19.17\dlib\config.h(11): note: 命令行参数: 参见前面的“DLIB_DISABLE_ASSERTS”定义 (编译源文件 C:\smartx1.0\modules\dlib\dlib-19.17\dlib\entropy_encoder\entropy_encoder_kernel_1.cpp)
c:\smartx1.0\modules\dlib\dlib-19.17\dlib\config.h(22): warning C4005: “DLIB_JPEG_SUPPORT”: 宏重定义 (编译源文件 C:\smartx1.0\modules\dlib\dlib-19.17\dlib\entropy_encoder\entropy_encoder_kernel_1.cpp)
  c:\smartx1.0\modules\dlib\dlib-19.17\dlib\config.h(22): note: 命令行参数: 参见前面的“DLIB_JPEG_SUPPORT”定义 (编译源文件 C:\smartx1.0\modules\dlib\dlib-19.17\dlib\entropy_encoder\entropy_encoder_kernel_1.cpp)
c:\smartx1.0\modules\dlib\dlib-19.17\dlib\config.h(23): warning C4005: “DLIB_PNG_SUPPORT”: 宏重定义 (编译源文件 C:\smartx1.0\modules\dlib\dlib-19.17\dlib\entropy_encoder\entropy_encoder_kernel_1.cpp)
  c:\smartx1.0\modules\dlib\dlib-19.17\dlib\config.h(23): note: 命令行参数: 参见前面的“DLIB_PNG_SUPPORT”定义 (编译源文件 C:\smartx1.0\modules\dlib\dlib-19.17\dlib\entropy_encoder\entropy_encoder_kernel_1.cpp)
  tokenizer_kernel_1.cpp
c:\smartx1.0\modules\dlib\dlib-19.17\dlib\config.h(11): warning C4005: “DLIB_DISABLE_ASSERTS”: 宏重定义 (编译源文件 C:\smartx1.0\modules\dlib\dlib-19.17\dlib\entropy_encoder\entropy_encoder_kernel_2.cpp)
  c:\smartx1.0\modules\dlib\dlib-19.17\dlib\config.h(11): note: 命令行参数: 参见前面的“DLIB_DISABLE_ASSERTS”定义 (编译源文件 C:\smartx1.0\modules\dlib\dlib-19.17\dlib\entropy_encoder\entropy_encoder_kernel_2.cpp)
c:\smartx1.0\modules\dlib\dlib-19.17\dlib\config.h(22): warning C4005: “DLIB_JPEG_SUPPORT”: 宏重定义 (编译源文件 C:\smartx1.0\modules\dlib\dlib-19.17\dlib\entropy_encoder\entropy_encoder_kernel_2.cpp)
  c:\smartx1.0\modules\dlib\dlib-19.17\dlib\config.h(22): note: 命令行参数: 参见前面的“DLIB_JPEG_SUPPORT”定义 (编译源文件 C:\smartx1.0\modules\dlib\dlib-19.17\dlib\entropy_encoder\entropy_encoder_kernel_2.cpp)
c:\smartx1.0\modules\dlib\dlib-19.17\dlib\config.h(23): warning C4005: “DLIB_PNG_SUPPORT”: 宏重定义 (编译源文件 C:\smartx1.0\modules\dlib\dlib-19.17\dlib\entropy_encoder\entropy_encoder_kernel_2.cpp)
  c:\smartx1.0\modules\dlib\dlib-19.17\dlib\config.h(23): note: 命令行参数: 参见前面的“DLIB_PNG_SUPPORT”定义 (编译源文件 C:\smartx1.0\modules\dlib\dlib-19.17\dlib\entropy_encoder\entropy_encoder_kernel_2.cpp)
c:\smartx1.0\modules\dlib\dlib-19.17\dlib\config.h(11): warning C4005: “DLIB_DISABLE_ASSERTS”: 宏重定义 (编译源文件 C:\smartx1.0\modules\dlib\dlib-19.17\dlib\md5\md5_kernel_1.cpp)
  c:\smartx1.0\modules\dlib\dlib-19.17\dlib\config.h(11): note: 命令行参数: 参见前面的“DLIB_DISABLE_ASSERTS”定义 (编译源文件 C:\smartx1.0\modules\dlib\dlib-19.17\dlib\md5\md5_kernel_1.cpp)
c:\smartx1.0\modules\dlib\dlib-19.17\dlib\config.h(22): warning C4005: “DLIB_JPEG_SUPPORT”: 宏重定义 (编译源文件 C:\smartx1.0\modules\dlib\dlib-19.17\dlib\md5\md5_kernel_1.cpp)
  c:\smartx1.0\modules\dlib\dlib-19.17\dlib\config.h(22): note: 命令行参数: 参见前面的“DLIB_JPEG_SUPPORT”定义 (编译源文件 C:\smartx1.0\modules\dlib\dlib-19.17\dlib\md5\md5_kernel_1.cpp)
c:\smartx1.0\modules\dlib\dlib-19.17\dlib\config.h(23): warning C4005: “DLIB_PNG_SUPPORT”: 宏重定义 (编译源文件 C:\smartx1.0\modules\dlib\dlib-19.17\dlib\md5\md5_kernel_1.cpp)
  c:\smartx1.0\modules\dlib\dlib-19.17\dlib\config.h(23): note: 命令行参数: 参见前面的“DLIB_PNG_SUPPORT”定义 (编译源文件 C:\smartx1.0\modules\dlib\dlib-19.17\dlib\md5\md5_kernel_1.cpp)
  unicode.cpp
c:\smartx1.0\modules\dlib\dlib-19.17\dlib\config.h(11): warning C4005: “DLIB_DISABLE_ASSERTS”: 宏重定义 (编译源文件 C:\smartx1.0\modules\dlib\dlib-19.17\dlib\unicode\unicode.cpp)
  c:\smartx1.0\modules\dlib\dlib-19.17\dlib\config.h(11): note: 命令行参数: 参见前面的“DLIB_DISABLE_ASSERTS”定义 (编译源文件 C:\smartx1.0\modules\dlib\dlib-19.17\dlib\unicode\unicode.cpp)
c:\smartx1.0\modules\dlib\dlib-19.17\dlib\config.h(22): warning C4005: “DLIB_JPEG_SUPPORT”: 宏重定义 (编译源文件 C:\smartx1.0\modules\dlib\dlib-19.17\dlib\unicode\unicode.cpp)
  c:\smartx1.0\modules\dlib\dlib-19.17\dlib\config.h(22): note: 命令行参数: 参见前面的“DLIB_JPEG_SUPPORT”定义 (编译源文件 C:\smartx1.0\modules\dlib\dlib-19.17\dlib\unicode\unicode.cpp)
c:\smartx1.0\modules\dlib\dlib-19.17\dlib\config.h(23): warning C4005: “DLIB_PNG_SUPPORT”: 宏重定义 (编译源文件 C:\smartx1.0\modules\dlib\dlib-19.17\dlib\unicode\unicode.cpp)
  c:\smartx1.0\modules\dlib\dlib-19.17\dlib\config.h(23): note: 命令行参数: 参见前面的“DLIB_PNG_SUPPORT”定义 (编译源文件 C:\smartx1.0\modules\dlib\dlib-19.17\dlib\unicode\unicode.cpp)
c:\smartx1.0\modules\dlib\dlib-19.17\dlib\config.h(11): warning C4005: “DLIB_DISABLE_ASSERTS”: 宏重定义 (编译源文件 C:\smartx1.0\modules\dlib\dlib-19.17\dlib\tokenizer\tokenizer_kernel_1.cpp)
  c:\smartx1.0\modules\dlib\dlib-19.17\dlib\config.h(11): note: 命令行参数: 参见前面的“DLIB_DISABLE_ASSERTS”定义 (编译源文件 C:\smartx1.0\modules\dlib\dlib-19.17\dlib\tokenizer\tokenizer_kernel_1.cpp)
c:\smartx1.0\modules\dlib\dlib-19.17\dlib\config.h(22): warning C4005: “DLIB_JPEG_SUPPORT”: 宏重定义 (编译源文件 C:\smartx1.0\modules\dlib\dlib-19.17\dlib\tokenizer\tokenizer_kernel_1.cpp)
  c:\smartx1.0\modules\dlib\dlib-19.17\dlib\config.h(22): note: 命令行参数: 参见前面的“DLIB_JPEG_SUPPORT”定义 (编译源文件 C:\smartx1.0\modules\dlib\dlib-19.17\dlib\tokenizer\tokenizer_kernel_1.cpp)
c:\smartx1.0\modules\dlib\dlib-19.17\dlib\config.h(23): warning C4005: “DLIB_PNG_SUPPORT”: 宏重定义 (编译源文件 C:\smartx1.0\modules\dlib\dlib-19.17\dlib\tokenizer\tokenizer_kernel_1.cpp)
  c:\smartx1.0\modules\dlib\dlib-19.17\dlib\config.h(23): note: 命令行参数: 参见前面的“DLIB_PNG_SUPPORT”定义 (编译源文件 C:\smartx1.0\modules\dlib\dlib-19.17\dlib\tokenizer\tokenizer_kernel_1.cpp)
  image_dataset_metadata.cpp
  mnist.cpp
c:\smartx1.0\modules\dlib\dlib-19.17\dlib\config.h(11): warning C4005: “DLIB_DISABLE_ASSERTS”: 宏重定义 (编译源文件 C:\smartx1.0\modules\dlib\dlib-19.17\dlib\data_io\image_dataset_metadata.cpp)
  c:\smartx1.0\modules\dlib\dlib-19.17\dlib\config.h(11): note: 命令行参数: 参见前面的“DLIB_DISABLE_ASSERTS”定义 (编译源文件 C:\smartx1.0\modules\dlib\dlib-19.17\dlib\data_io\image_dataset_metadata.cpp)
c:\smartx1.0\modules\dlib\dlib-19.17\dlib\config.h(22): warning C4005: “DLIB_JPEG_SUPPORT”: 宏重定义 (编译源文件 C:\smartx1.0\modules\dlib\dlib-19.17\dlib\data_io\image_dataset_metadata.cpp)
  c:\smartx1.0\modules\dlib\dlib-19.17\dlib\config.h(22): note: 命令行参数: 参见前面的“DLIB_JPEG_SUPPORT”定义 (编译源文件 C:\smartx1.0\modules\dlib\dlib-19.17\dlib\data_io\image_dataset_metadata.cpp)
c:\smartx1.0\modules\dlib\dlib-19.17\dlib\config.h(23): warning C4005: “DLIB_PNG_SUPPORT”: 宏重定义 (编译源文件 C:\smartx1.0\modules\dlib\dlib-19.17\dlib\data_io\image_dataset_metadata.cpp)
  c:\smartx1.0\modules\dlib\dlib-19.17\dlib\config.h(23): note: 命令行参数: 参见前面的“DLIB_PNG_SUPPORT”定义 (编译源文件 C:\smartx1.0\modules\dlib\dlib-19.17\dlib\data_io\image_dataset_metadata.cpp)
  global_function_search.cpp
c:\smartx1.0\modules\dlib\dlib-19.17\dlib\config.h(11): warning C4005: “DLIB_DISABLE_ASSERTS”: 宏重定义 (编译源文件 C:\smartx1.0\modules\dlib\dlib-19.17\dlib\data_io\mnist.cpp)
  c:\smartx1.0\modules\dlib\dlib-19.17\dlib\config.h(11): note: 命令行参数: 参见前面的“DLIB_DISABLE_ASSERTS”定义 (编译源文件 C:\smartx1.0\modules\dlib\dlib-19.17\dlib\data_io\mnist.cpp)
c:\smartx1.0\modules\dlib\dlib-19.17\dlib\config.h(22): warning C4005: “DLIB_JPEG_SUPPORT”: 宏重定义 (编译源文件 C:\smartx1.0\modules\dlib\dlib-19.17\dlib\data_io\mnist.cpp)
  c:\smartx1.0\modules\dlib\dlib-19.17\dlib\config.h(22): note: 命令行参数: 参见前面的“DLIB_JPEG_SUPPORT”定义 (编译源文件 C:\smartx1.0\modules\dlib\dlib-19.17\dlib\data_io\mnist.cpp)
c:\smartx1.0\modules\dlib\dlib-19.17\dlib\config.h(23): warning C4005: “DLIB_PNG_SUPPORT”: 宏重定义 (编译源文件 C:\smartx1.0\modules\dlib\dlib-19.17\dlib\data_io\mnist.cpp)
  c:\smartx1.0\modules\dlib\dlib-19.17\dlib\config.h(23): note: 命令行参数: 参见前面的“DLIB_PNG_SUPPORT”定义 (编译源文件 C:\smartx1.0\modules\dlib\dlib-19.17\dlib\data_io\mnist.cpp)
  kalman_filter.cpp
c:\smartx1.0\modules\dlib\dlib-19.17\dlib\config.h(11): warning C4005: “DLIB_DISABLE_ASSERTS”: 宏重定义 (编译源文件 C:\smartx1.0\modules\dlib\dlib-19.17\dlib\global_optimization\global_function_search.cpp)
  c:\smartx1.0\modules\dlib\dlib-19.17\dlib\config.h(11): note: 命令行参数: 参见前面的“DLIB_DISABLE_ASSERTS”定义 (编译源文件 C:\smartx1.0\modules\dlib\dlib-19.17\dlib\global_optimization\global_function_search.cpp)
c:\smartx1.0\modules\dlib\dlib-19.17\dlib\config.h(22): warning C4005: “DLIB_JPEG_SUPPORT”: 宏重定义 (编译源文件 C:\smartx1.0\modules\dlib\dlib-19.17\dlib\global_optimization\global_function_search.cpp)
  c:\smartx1.0\modules\dlib\dlib-19.17\dlib\config.h(22): note: 命令行参数: 参见前面的“DLIB_JPEG_SUPPORT”定义 (编译源文件 C:\smartx1.0\modules\dlib\dlib-19.17\dlib\global_optimization\global_function_search.cpp)
c:\smartx1.0\modules\dlib\dlib-19.17\dlib\config.h(23): warning C4005: “DLIB_PNG_SUPPORT”: 宏重定义 (编译源文件 C:\smartx1.0\modules\dlib\dlib-19.17\dlib\global_optimization\global_function_search.cpp)
  c:\smartx1.0\modules\dlib\dlib-19.17\dlib\config.h(23): note: 命令行参数: 参见前面的“DLIB_PNG_SUPPORT”定义 (编译源文件 C:\smartx1.0\modules\dlib\dlib-19.17\dlib\global_optimization\global_function_search.cpp)
c:\smartx1.0\modules\dlib\dlib-19.17\dlib\config.h(11): warning C4005: “DLIB_DISABLE_ASSERTS”: 宏重定义 (编译源文件 C:\smartx1.0\modules\dlib\dlib-19.17\dlib\filtering\kalman_filter.cpp)
  c:\smartx1.0\modules\dlib\dlib-19.17\dlib\config.h(11): note: 命令行参数: 参见前面的“DLIB_DISABLE_ASSERTS”定义 (编译源文件 C:\smartx1.0\modules\dlib\dlib-19.17\dlib\filtering\kalman_filter.cpp)
c:\smartx1.0\modules\dlib\dlib-19.17\dlib\config.h(22): warning C4005: “DLIB_JPEG_SUPPORT”: 宏重定义 (编译源文件 C:\smartx1.0\modules\dlib\dlib-19.17\dlib\filtering\kalman_filter.cpp)
  c:\smartx1.0\modules\dlib\dlib-19.17\dlib\config.h(22): note: 命令行参数: 参见前面的“DLIB_JPEG_SUPPORT”定义 (编译源文件 C:\smartx1.0\modules\dlib\dlib-19.17\dlib\filtering\kalman_filter.cpp)
c:\smartx1.0\modules\dlib\dlib-19.17\dlib\config.h(23): warning C4005: “DLIB_PNG_SUPPORT”: 宏重定义 (编译源文件 C:\smartx1.0\modules\dlib\dlib-19.17\dlib\filtering\kalman_filter.cpp)
  c:\smartx1.0\modules\dlib\dlib-19.17\dlib\config.h(23): note: 命令行参数: 参见前面的“DLIB_PNG_SUPPORT”定义 (编译源文件 C:\smartx1.0\modules\dlib\dlib-19.17\dlib\filtering\kalman_filter.cpp)
  test_for_odr_violations.cpp
c:\smartx1.0\modules\dlib\dlib-19.17\dlib\config.h(11): warning C4005: “DLIB_DISABLE_ASSERTS”: 宏重定义 (编译源文件 C:\smartx1.0\modules\dlib\dlib-19.17\dlib\test_for_odr_violations.cpp)
  c:\smartx1.0\modules\dlib\dlib-19.17\dlib\config.h(11): note: 命令行参数: 参见前面的“DLIB_DISABLE_ASSERTS”定义 (编译源文件 C:\smartx1.0\modules\dlib\dlib-19.17\dlib\test_for_odr_violations.cpp)
c:\smartx1.0\modules\dlib\dlib-19.17\dlib\config.h(22): warning C4005: “DLIB_JPEG_SUPPORT”: 宏重定义 (编译源文件 C:\smartx1.0\modules\dlib\dlib-19.17\dlib\test_for_odr_violations.cpp)
  c:\smartx1.0\modules\dlib\dlib-19.17\dlib\config.h(22): note: 命令行参数: 参见前面的“DLIB_JPEG_SUPPORT”定义 (编译源文件 C:\smartx1.0\modules\dlib\dlib-19.17\dlib\test_for_odr_violations.cpp)
c:\smartx1.0\modules\dlib\dlib-19.17\dlib\config.h(23): warning C4005: “DLIB_PNG_SUPPORT”: 宏重定义 (编译源文件 C:\smartx1.0\modules\dlib\dlib-19.17\dlib\test_for_odr_violations.cpp)
  c:\smartx1.0\modules\dlib\dlib-19.17\dlib\config.h(23): note: 命令行参数: 参见前面的“DLIB_PNG_SUPPORT”定义 (编译源文件 C:\smartx1.0\modules\dlib\dlib-19.17\dlib\test_for_odr_violations.cpp)
  auto.cpp
c:\smartx1.0\modules\dlib\dlib-19.17\dlib\config.h(11): warning C4005: “DLIB_DISABLE_ASSERTS”: 宏重定义 (编译源文件 C:\smartx1.0\modules\dlib\dlib-19.17\dlib\svm\auto.cpp)
  c:\smartx1.0\modules\dlib\dlib-19.17\dlib\config.h(11): note: 命令行参数: 参见前面的“DLIB_DISABLE_ASSERTS”定义 (编译源文件 C:\smartx1.0\modules\dlib\dlib-19.17\dlib\svm\auto.cpp)
c:\smartx1.0\modules\dlib\dlib-19.17\dlib\config.h(22): warning C4005: “DLIB_JPEG_SUPPORT”: 宏重定义 (编译源文件 C:\smartx1.0\modules\dlib\dlib-19.17\dlib\svm\auto.cpp)
  c:\smartx1.0\modules\dlib\dlib-19.17\dlib\config.h(22): note: 命令行参数: 参见前面的“DLIB_JPEG_SUPPORT”定义 (编译源文件 C:\smartx1.0\modules\dlib\dlib-19.17\dlib\svm\auto.cpp)
c:\smartx1.0\modules\dlib\dlib-19.17\dlib\config.h(23): warning C4005: “DLIB_PNG_SUPPORT”: 宏重定义 (编译源文件 C:\smartx1.0\modules\dlib\dlib-19.17\dlib\svm\auto.cpp)
  c:\smartx1.0\modules\dlib\dlib-19.17\dlib\config.h(23): note: 命令行参数: 参见前面的“DLIB_PNG_SUPPORT”定义 (编译源文件 C:\smartx1.0\modules\dlib\dlib-19.17\dlib\svm\auto.cpp)
  sockets_kernel_1.cpp
c:\smartx1.0\modules\dlib\dlib-19.17\dlib\config.h(11): warning C4005: “DLIB_DISABLE_ASSERTS”: 宏重定义 (编译源文件 C:\smartx1.0\modules\dlib\dlib-19.17\dlib\sockets\sockets_kernel_1.cpp)
  c:\smartx1.0\modules\dlib\dlib-19.17\dlib\config.h(11): note: 命令行参数: 参见前面的“DLIB_DISABLE_ASSERTS”定义 (编译源文件 C:\smartx1.0\modules\dlib\dlib-19.17\dlib\sockets\sockets_kernel_1.cpp)
c:\smartx1.0\modules\dlib\dlib-19.17\dlib\config.h(22): warning C4005: “DLIB_JPEG_SUPPORT”: 宏重定义 (编译源文件 C:\smartx1.0\modules\dlib\dlib-19.17\dlib\sockets\sockets_kernel_1.cpp)
  c:\smartx1.0\modules\dlib\dlib-19.17\dlib\config.h(22): note: 命令行参数: 参见前面的“DLIB_JPEG_SUPPORT”定义 (编译源文件 C:\smartx1.0\modules\dlib\dlib-19.17\dlib\sockets\sockets_kernel_1.cpp)
c:\smartx1.0\modules\dlib\dlib-19.17\dlib\config.h(23): warning C4005: “DLIB_PNG_SUPPORT”: 宏重定义 (编译源文件 C:\smartx1.0\modules\dlib\dlib-19.17\dlib\sockets\sockets_kernel_1.cpp)
  c:\smartx1.0\modules\dlib\dlib-19.17\dlib\config.h(23): note: 命令行参数: 参见前面的“DLIB_PNG_SUPPORT”定义 (编译源文件 C:\smartx1.0\modules\dlib\dlib-19.17\dlib\sockets\sockets_kernel_1.cpp)
  bsp.cpp
c:\smartx1.0\modules\dlib\dlib-19.17\dlib\config.h(11): warning C4005: “DLIB_DISABLE_ASSERTS”: 宏重定义 (编译源文件 C:\smartx1.0\modules\dlib\dlib-19.17\dlib\bsp\bsp.cpp)
  c:\smartx1.0\modules\dlib\dlib-19.17\dlib\config.h(11): note: 命令行参数: 参见前面的“DLIB_DISABLE_ASSERTS”定义 (编译源文件 C:\smartx1.0\modules\dlib\dlib-19.17\dlib\bsp\bsp.cpp)
c:\smartx1.0\modules\dlib\dlib-19.17\dlib\config.h(22): warning C4005: “DLIB_JPEG_SUPPORT”: 宏重定义 (编译源文件 C:\smartx1.0\modules\dlib\dlib-19.17\dlib\bsp\bsp.cpp)
  c:\smartx1.0\modules\dlib\dlib-19.17\dlib\config.h(22): note: 命令行参数: 参见前面的“DLIB_JPEG_SUPPORT”定义 (编译源文件 C:\smartx1.0\modules\dlib\dlib-19.17\dlib\bsp\bsp.cpp)
c:\smartx1.0\modules\dlib\dlib-19.17\dlib\config.h(23): warning C4005: “DLIB_PNG_SUPPORT”: 宏重定义 (编译源文件 C:\smartx1.0\modules\dlib\dlib-19.17\dlib\bsp\bsp.cpp)
  c:\smartx1.0\modules\dlib\dlib-19.17\dlib\config.h(23): note: 命令行参数: 参见前面的“DLIB_PNG_SUPPORT”定义 (编译源文件 C:\smartx1.0\modules\dlib\dlib-19.17\dlib\bsp\bsp.cpp)
  dir_nav_kernel_1.cpp
c:\smartx1.0\modules\dlib\dlib-19.17\dlib\config.h(11): warning C4005: “DLIB_DISABLE_ASSERTS”: 宏重定义 (编译源文件 C:\smartx1.0\modules\dlib\dlib-19.17\dlib\dir_nav\dir_nav_kernel_1.cpp)
  c:\smartx1.0\modules\dlib\dlib-19.17\dlib\config.h(11): note: 命令行参数: 参见前面的“DLIB_DISABLE_ASSERTS”定义 (编译源文件 C:\smartx1.0\modules\dlib\dlib-19.17\dlib\dir_nav\dir_nav_kernel_1.cpp)
c:\smartx1.0\modules\dlib\dlib-19.17\dlib\config.h(22): warning C4005: “DLIB_JPEG_SUPPORT”: 宏重定义 (编译源文件 C:\smartx1.0\modules\dlib\dlib-19.17\dlib\dir_nav\dir_nav_kernel_1.cpp)
  c:\smartx1.0\modules\dlib\dlib-19.17\dlib\config.h(22): note: 命令行参数: 参见前面的“DLIB_JPEG_SUPPORT”定义 (编译源文件 C:\smartx1.0\modules\dlib\dlib-19.17\dlib\dir_nav\dir_nav_kernel_1.cpp)
c:\smartx1.0\modules\dlib\dlib-19.17\dlib\config.h(23): warning C4005: “DLIB_PNG_SUPPORT”: 宏重定义 (编译源文件 C:\smartx1.0\modules\dlib\dlib-19.17\dlib\dir_nav\dir_nav_kernel_1.cpp)
  c:\smartx1.0\modules\dlib\dlib-19.17\dlib\config.h(23): note: 命令行参数: 参见前面的“DLIB_PNG_SUPPORT”定义 (编译源文件 C:\smartx1.0\modules\dlib\dlib-19.17\dlib\dir_nav\dir_nav_kernel_1.cpp)
  dir_nav_kernel_2.cpp
  dir_nav_extensions.cpp
  linker_kernel_1.cpp
c:\smartx1.0\modules\dlib\dlib-19.17\dlib\config.h(11): warning C4005: “DLIB_DISABLE_ASSERTS”: 宏重定义 (编译源文件 C:\smartx1.0\modules\dlib\dlib-19.17\dlib\dir_nav\dir_nav_extensions.cpp)
  c:\smartx1.0\modules\dlib\dlib-19.17\dlib\config.h(11): note: 命令行参数: 参见前面的“DLIB_DISABLE_ASSERTS”定义 (编译源文件 C:\smartx1.0\modules\dlib\dlib-19.17\dlib\dir_nav\dir_nav_extensions.cpp)
c:\smartx1.0\modules\dlib\dlib-19.17\dlib\config.h(22): warning C4005: “DLIB_JPEG_SUPPORT”: 宏重定义 (编译源文件 C:\smartx1.0\modules\dlib\dlib-19.17\dlib\dir_nav\dir_nav_extensions.cpp)
  c:\smartx1.0\modules\dlib\dlib-19.17\dlib\config.h(22): note: 命令行参数: 参见前面的“DLIB_JPEG_SUPPORT”定义 (编译源文件 C:\smartx1.0\modules\dlib\dlib-19.17\dlib\dir_nav\dir_nav_extensions.cpp)
c:\smartx1.0\modules\dlib\dlib-19.17\dlib\config.h(23): warning C4005: “DLIB_PNG_SUPPORT”: 宏重定义 (编译源文件 C:\smartx1.0\modules\dlib\dlib-19.17\dlib\dir_nav\dir_nav_extensions.cpp)
  c:\smartx1.0\modules\dlib\dlib-19.17\dlib\config.h(23): note: 命令行参数: 参见前面的“DLIB_PNG_SUPPORT”定义 (编译源文件 C:\smartx1.0\modules\dlib\dlib-19.17\dlib\dir_nav\dir_nav_extensions.cpp)
  extra_logger_headers.cpp
c:\smartx1.0\modules\dlib\dlib-19.17\dlib\config.h(11): warning C4005: “DLIB_DISABLE_ASSERTS”: 宏重定义 (编译源文件 C:\smartx1.0\modules\dlib\dlib-19.17\dlib\linker\linker_kernel_1.cpp)
  c:\smartx1.0\modules\dlib\dlib-19.17\dlib\config.h(11): note: 命令行参数: 参见前面的“DLIB_DISABLE_ASSERTS”定义 (编译源文件 C:\smartx1.0\modules\dlib\dlib-19.17\dlib\linker\linker_kernel_1.cpp)
c:\smartx1.0\modules\dlib\dlib-19.17\dlib\config.h(22): warning C4005: “DLIB_JPEG_SUPPORT”: 宏重定义 (编译源文件 C:\smartx1.0\modules\dlib\dlib-19.17\dlib\linker\linker_kernel_1.cpp)
  c:\smartx1.0\modules\dlib\dlib-19.17\dlib\config.h(22): note: 命令行参数: 参见前面的“DLIB_JPEG_SUPPORT”定义 (编译源文件 C:\smartx1.0\modules\dlib\dlib-19.17\dlib\linker\linker_kernel_1.cpp)
c:\smartx1.0\modules\dlib\dlib-19.17\dlib\config.h(23): warning C4005: “DLIB_PNG_SUPPORT”: 宏重定义 (编译源文件 C:\smartx1.0\modules\dlib\dlib-19.17\dlib\linker\linker_kernel_1.cpp)
  c:\smartx1.0\modules\dlib\dlib-19.17\dlib\config.h(23): note: 命令行参数: 参见前面的“DLIB_PNG_SUPPORT”定义 (编译源文件 C:\smartx1.0\modules\dlib\dlib-19.17\dlib\linker\linker_kernel_1.cpp)
  logger_kernel_1.cpp
c:\smartx1.0\modules\dlib\dlib-19.17\dlib\config.h(11): warning C4005: “DLIB_DISABLE_ASSERTS”: 宏重定义 (编译源文件 C:\smartx1.0\modules\dlib\dlib-19.17\dlib\logger\extra_logger_headers.cpp)
  c:\smartx1.0\modules\dlib\dlib-19.17\dlib\config.h(11): note: 命令行参数: 参见前面的“DLIB_DISABLE_ASSERTS”定义 (编译源文件 C:\smartx1.0\modules\dlib\dlib-19.17\dlib\logger\extra_logger_headers.cpp)
c:\smartx1.0\modules\dlib\dlib-19.17\dlib\config.h(22): warning C4005: “DLIB_JPEG_SUPPORT”: 宏重定义 (编译源文件 C:\smartx1.0\modules\dlib\dlib-19.17\dlib\logger\extra_logger_headers.cpp)
  c:\smartx1.0\modules\dlib\dlib-19.17\dlib\config.h(22): note: 命令行参数: 参见前面的“DLIB_JPEG_SUPPORT”定义 (编译源文件 C:\smartx1.0\modules\dlib\dlib-19.17\dlib\logger\extra_logger_headers.cpp)
c:\smartx1.0\modules\dlib\dlib-19.17\dlib\config.h(23): warning C4005: “DLIB_PNG_SUPPORT”: 宏重定义 (编译源文件 C:\smartx1.0\modules\dlib\dlib-19.17\dlib\logger\extra_logger_headers.cpp)
  c:\smartx1.0\modules\dlib\dlib-19.17\dlib\config.h(23): note: 命令行参数: 参见前面的“DLIB_PNG_SUPPORT”定义 (编译源文件 C:\smartx1.0\modules\dlib\dlib-19.17\dlib\logger\extra_logger_headers.cpp)
  logger_config_file.cpp
c:\smartx1.0\modules\dlib\dlib-19.17\dlib\config.h(11): warning C4005: “DLIB_DISABLE_ASSERTS”: 宏重定义 (编译源文件 C:\smartx1.0\modules\dlib\dlib-19.17\dlib\logger\logger_kernel_1.cpp)
  c:\smartx1.0\modules\dlib\dlib-19.17\dlib\config.h(11): note: 命令行参数: 参见前面的“DLIB_DISABLE_ASSERTS”定义 (编译源文件 C:\smartx1.0\modules\dlib\dlib-19.17\dlib\logger\logger_kernel_1.cpp)
c:\smartx1.0\modules\dlib\dlib-19.17\dlib\config.h(22): warning C4005: “DLIB_JPEG_SUPPORT”: 宏重定义 (编译源文件 C:\smartx1.0\modules\dlib\dlib-19.17\dlib\logger\logger_kernel_1.cpp)
  c:\smartx1.0\modules\dlib\dlib-19.17\dlib\config.h(22): note: 命令行参数: 参见前面的“DLIB_JPEG_SUPPORT”定义 (编译源文件 C:\smartx1.0\modules\dlib\dlib-19.17\dlib\logger\logger_kernel_1.cpp)
c:\smartx1.0\modules\dlib\dlib-19.17\dlib\config.h(23): warning C4005: “DLIB_PNG_SUPPORT”: 宏重定义 (编译源文件 C:\smartx1.0\modules\dlib\dlib-19.17\dlib\logger\logger_kernel_1.cpp)
  c:\smartx1.0\modules\dlib\dlib-19.17\dlib\config.h(23): note: 命令行参数: 参见前面的“DLIB_PNG_SUPPORT”定义 (编译源文件 C:\smartx1.0\modules\dlib\dlib-19.17\dlib\logger\logger_kernel_1.cpp)
c:\smartx1.0\modules\dlib\dlib-19.17\dlib\config.h(11): warning C4005: “DLIB_DISABLE_ASSERTS”: 宏重定义 (编译源文件 C:\smartx1.0\modules\dlib\dlib-19.17\dlib\logger\logger_config_file.cpp)
  c:\smartx1.0\modules\dlib\dlib-19.17\dlib\config.h(11): note: 命令行参数: 参见前面的“DLIB_DISABLE_ASSERTS”定义 (编译源文件 C:\smartx1.0\modules\dlib\dlib-19.17\dlib\logger\logger_config_file.cpp)
c:\smartx1.0\modules\dlib\dlib-19.17\dlib\config.h(22): warning C4005: “DLIB_JPEG_SUPPORT”: 宏重定义 (编译源文件 C:\smartx1.0\modules\dlib\dlib-19.17\dlib\logger\logger_config_file.cpp)
  c:\smartx1.0\modules\dlib\dlib-19.17\dlib\config.h(22): note: 命令行参数: 参见前面的“DLIB_JPEG_SUPPORT”定义 (编译源文件 C:\smartx1.0\modules\dlib\dlib-19.17\dlib\logger\logger_config_file.cpp)
c:\smartx1.0\modules\dlib\dlib-19.17\dlib\config.h(23): warning C4005: “DLIB_PNG_SUPPORT”: 宏重定义 (编译源文件 C:\smartx1.0\modules\dlib\dlib-19.17\dlib\logger\logger_config_file.cpp)
  c:\smartx1.0\modules\dlib\dlib-19.17\dlib\config.h(23): note: 命令行参数: 参见前面的“DLIB_PNG_SUPPORT”定义 (编译源文件 C:\smartx1.0\modules\dlib\dlib-19.17\dlib\logger\logger_config_file.cpp)
  misc_api_kernel_1.cpp
  misc_api_kernel_2.cpp
  sockets_extensions.cpp
c:\smartx1.0\modules\dlib\dlib-19.17\dlib\config.h(11): warning C4005: “DLIB_DISABLE_ASSERTS”: 宏重定义 (编译源文件 C:\smartx1.0\modules\dlib\dlib-19.17\dlib\misc_api\misc_api_kernel_1.cpp)
  c:\smartx1.0\modules\dlib\dlib-19.17\dlib\config.h(11): note: 命令行参数: 参见前面的“DLIB_DISABLE_ASSERTS”定义 (编译源文件 C:\smartx1.0\modules\dlib\dlib-19.17\dlib\misc_api\misc_api_kernel_1.cpp)
c:\smartx1.0\modules\dlib\dlib-19.17\dlib\config.h(22): warning C4005: “DLIB_JPEG_SUPPORT”: 宏重定义 (编译源文件 C:\smartx1.0\modules\dlib\dlib-19.17\dlib\misc_api\misc_api_kernel_1.cpp)
  c:\smartx1.0\modules\dlib\dlib-19.17\dlib\config.h(22): note: 命令行参数: 参见前面的“DLIB_JPEG_SUPPORT”定义 (编译源文件 C:\smartx1.0\modules\dlib\dlib-19.17\dlib\misc_api\misc_api_kernel_1.cpp)
c:\smartx1.0\modules\dlib\dlib-19.17\dlib\config.h(23): warning C4005: “DLIB_PNG_SUPPORT”: 宏重定义 (编译源文件 C:\smartx1.0\modules\dlib\dlib-19.17\dlib\misc_api\misc_api_kernel_1.cpp)
  c:\smartx1.0\modules\dlib\dlib-19.17\dlib\config.h(23): note: 命令行参数: 参见前面的“DLIB_PNG_SUPPORT”定义 (编译源文件 C:\smartx1.0\modules\dlib\dlib-19.17\dlib\misc_api\misc_api_kernel_1.cpp)
c:\smartx1.0\modules\dlib\dlib-19.17\dlib\config.h(11): warning C4005: “DLIB_DISABLE_ASSERTS”: 宏重定义 (编译源文件 C:\smartx1.0\modules\dlib\dlib-19.17\dlib\sockets\sockets_extensions.cpp)
  c:\smartx1.0\modules\dlib\dlib-19.17\dlib\config.h(11): note: 命令行参数: 参见前面的“DLIB_DISABLE_ASSERTS”定义 (编译源文件 C:\smartx1.0\modules\dlib\dlib-19.17\dlib\sockets\sockets_extensions.cpp)
c:\smartx1.0\modules\dlib\dlib-19.17\dlib\config.h(22): warning C4005: “DLIB_JPEG_SUPPORT”: 宏重定义 (编译源文件 C:\smartx1.0\modules\dlib\dlib-19.17\dlib\sockets\sockets_extensions.cpp)
  c:\smartx1.0\modules\dlib\dlib-19.17\dlib\config.h(22): note: 命令行参数: 参见前面的“DLIB_JPEG_SUPPORT”定义 (编译源文件 C:\smartx1.0\modules\dlib\dlib-19.17\dlib\sockets\sockets_extensions.cpp)
c:\smartx1.0\modules\dlib\dlib-19.17\dlib\config.h(23): warning C4005: “DLIB_PNG_SUPPORT”: 宏重定义 (编译源文件 C:\smartx1.0\modules\dlib\dlib-19.17\dlib\sockets\sockets_extensions.cpp)
  c:\smartx1.0\modules\dlib\dlib-19.17\dlib\config.h(23): note: 命令行参数: 参见前面的“DLIB_PNG_SUPPORT”定义 (编译源文件 C:\smartx1.0\modules\dlib\dlib-19.17\dlib\sockets\sockets_extensions.cpp)
  sockets_kernel_2.cpp
  sockstreambuf.cpp
c:\smartx1.0\modules\dlib\dlib-19.17\dlib\config.h(11): warning C4005: “DLIB_DISABLE_ASSERTS”: 宏重定义 (编译源文件 C:\smartx1.0\modules\dlib\dlib-19.17\dlib\sockstreambuf\sockstreambuf.cpp)
  c:\smartx1.0\modules\dlib\dlib-19.17\dlib\config.h(11): note: 命令行参数: 参见前面的“DLIB_DISABLE_ASSERTS”定义 (编译源文件 C:\smartx1.0\modules\dlib\dlib-19.17\dlib\sockstreambuf\sockstreambuf.cpp)
c:\smartx1.0\modules\dlib\dlib-19.17\dlib\config.h(22): warning C4005: “DLIB_JPEG_SUPPORT”: 宏重定义 (编译源文件 C:\smartx1.0\modules\dlib\dlib-19.17\dlib\sockstreambuf\sockstreambuf.cpp)
  c:\smartx1.0\modules\dlib\dlib-19.17\dlib\config.h(22): note: 命令行参数: 参见前面的“DLIB_JPEG_SUPPORT”定义 (编译源文件 C:\smartx1.0\modules\dlib\dlib-19.17\dlib\sockstreambuf\sockstreambuf.cpp)
c:\smartx1.0\modules\dlib\dlib-19.17\dlib\config.h(23): warning C4005: “DLIB_PNG_SUPPORT”: 宏重定义 (编译源文件 C:\smartx1.0\modules\dlib\dlib-19.17\dlib\sockstreambuf\sockstreambuf.cpp)
  c:\smartx1.0\modules\dlib\dlib-19.17\dlib\config.h(23): note: 命令行参数: 参见前面的“DLIB_PNG_SUPPORT”定义 (编译源文件 C:\smartx1.0\modules\dlib\dlib-19.17\dlib\sockstreambuf\sockstreambuf.cpp)
  sockstreambuf_unbuffered.cpp
  server_kernel.cpp
c:\smartx1.0\modules\dlib\dlib-19.17\dlib\config.h(11): warning C4005: “DLIB_DISABLE_ASSERTS”: 宏重定义 (编译源文件 C:\smartx1.0\modules\dlib\dlib-19.17\dlib\sockstreambuf\sockstreambuf_unbuffered.cpp)
  c:\smartx1.0\modules\dlib\dlib-19.17\dlib\config.h(11): note: 命令行参数: 参见前面的“DLIB_DISABLE_ASSERTS”定义 (编译源文件 C:\smartx1.0\modules\dlib\dlib-19.17\dlib\sockstreambuf\sockstreambuf_unbuffered.cpp)
c:\smartx1.0\modules\dlib\dlib-19.17\dlib\config.h(22): warning C4005: “DLIB_JPEG_SUPPORT”: 宏重定义 (编译源文件 C:\smartx1.0\modules\dlib\dlib-19.17\dlib\sockstreambuf\sockstreambuf_unbuffered.cpp)
  c:\smartx1.0\modules\dlib\dlib-19.17\dlib\config.h(22): note: 命令行参数: 参见前面的“DLIB_JPEG_SUPPORT”定义 (编译源文件 C:\smartx1.0\modules\dlib\dlib-19.17\dlib\sockstreambuf\sockstreambuf_unbuffered.cpp)
c:\smartx1.0\modules\dlib\dlib-19.17\dlib\config.h(23): warning C4005: “DLIB_PNG_SUPPORT”: 宏重定义 (编译源文件 C:\smartx1.0\modules\dlib\dlib-19.17\dlib\sockstreambuf\sockstreambuf_unbuffered.cpp)
  c:\smartx1.0\modules\dlib\dlib-19.17\dlib\config.h(23): note: 命令行参数: 参见前面的“DLIB_PNG_SUPPORT”定义 (编译源文件 C:\smartx1.0\modules\dlib\dlib-19.17\dlib\sockstreambuf\sockstreambuf_unbuffered.cpp)
c:\smartx1.0\modules\dlib\dlib-19.17\dlib\config.h(11): warning C4005: “DLIB_DISABLE_ASSERTS”: 宏重定义 (编译源文件 C:\smartx1.0\modules\dlib\dlib-19.17\dlib\server\server_kernel.cpp)
  c:\smartx1.0\modules\dlib\dlib-19.17\dlib\config.h(11): note: 命令行参数: 参见前面的“DLIB_DISABLE_ASSERTS”定义 (编译源文件 C:\smartx1.0\modules\dlib\dlib-19.17\dlib\server\server_kernel.cpp)
c:\smartx1.0\modules\dlib\dlib-19.17\dlib\config.h(22): warning C4005: “DLIB_JPEG_SUPPORT”: 宏重定义 (编译源文件 C:\smartx1.0\modules\dlib\dlib-19.17\dlib\server\server_kernel.cpp)
  c:\smartx1.0\modules\dlib\dlib-19.17\dlib\config.h(22): note: 命令行参数: 参见前面的“DLIB_JPEG_SUPPORT”定义 (编译源文件 C:\smartx1.0\modules\dlib\dlib-19.17\dlib\server\server_kernel.cpp)
c:\smartx1.0\modules\dlib\dlib-19.17\dlib\config.h(23): warning C4005: “DLIB_PNG_SUPPORT”: 宏重定义 (编译源文件 C:\smartx1.0\modules\dlib\dlib-19.17\dlib\server\server_kernel.cpp)
  c:\smartx1.0\modules\dlib\dlib-19.17\dlib\config.h(23): note: 命令行参数: 参见前面的“DLIB_PNG_SUPPORT”定义 (编译源文件 C:\smartx1.0\modules\dlib\dlib-19.17\dlib\server\server_kernel.cpp)
  server_iostream.cpp
c:\smartx1.0\modules\dlib\dlib-19.17\dlib\config.h(11): warning C4005: “DLIB_DISABLE_ASSERTS”: 宏重定义 (编译源文件 C:\smartx1.0\modules\dlib\dlib-19.17\dlib\server\server_iostream.cpp)
  c:\smartx1.0\modules\dlib\dlib-19.17\dlib\config.h(11): note: 命令行参数: 参见前面的“DLIB_DISABLE_ASSERTS”定义 (编译源文件 C:\smartx1.0\modules\dlib\dlib-19.17\dlib\server\server_iostream.cpp)
c:\smartx1.0\modules\dlib\dlib-19.17\dlib\config.h(22): warning C4005: “DLIB_JPEG_SUPPORT”: 宏重定义 (编译源文件 C:\smartx1.0\modules\dlib\dlib-19.17\dlib\server\server_iostream.cpp)
  c:\smartx1.0\modules\dlib\dlib-19.17\dlib\config.h(22): note: 命令行参数: 参见前面的“DLIB_JPEG_SUPPORT”定义 (编译源文件 C:\smartx1.0\modules\dlib\dlib-19.17\dlib\server\server_iostream.cpp)
c:\smartx1.0\modules\dlib\dlib-19.17\dlib\config.h(23): warning C4005: “DLIB_PNG_SUPPORT”: 宏重定义 (编译源文件 C:\smartx1.0\modules\dlib\dlib-19.17\dlib\server\server_iostream.cpp)
  c:\smartx1.0\modules\dlib\dlib-19.17\dlib\config.h(23): note: 命令行参数: 参见前面的“DLIB_PNG_SUPPORT”定义 (编译源文件 C:\smartx1.0\modules\dlib\dlib-19.17\dlib\server\server_iostream.cpp)
  server_http.cpp
  multithreaded_object_extension.cpp
c:\smartx1.0\modules\dlib\dlib-19.17\dlib\config.h(11): warning C4005: “DLIB_DISABLE_ASSERTS”: 宏重定义 (编译源文件 C:\smartx1.0\modules\dlib\dlib-19.17\dlib\server\server_http.cpp)
  c:\smartx1.0\modules\dlib\dlib-19.17\dlib\config.h(11): note: 命令行参数: 参见前面的“DLIB_DISABLE_ASSERTS”定义 (编译源文件 C:\smartx1.0\modules\dlib\dlib-19.17\dlib\server\server_http.cpp)
c:\smartx1.0\modules\dlib\dlib-19.17\dlib\config.h(22): warning C4005: “DLIB_JPEG_SUPPORT”: 宏重定义 (编译源文件 C:\smartx1.0\modules\dlib\dlib-19.17\dlib\server\server_http.cpp)
  c:\smartx1.0\modules\dlib\dlib-19.17\dlib\config.h(22): note: 命令行参数: 参见前面的“DLIB_JPEG_SUPPORT”定义 (编译源文件 C:\smartx1.0\modules\dlib\dlib-19.17\dlib\server\server_http.cpp)
c:\smartx1.0\modules\dlib\dlib-19.17\dlib\config.h(23): warning C4005: “DLIB_PNG_SUPPORT”: 宏重定义 (编译源文件 C:\smartx1.0\modules\dlib\dlib-19.17\dlib\server\server_http.cpp)
  c:\smartx1.0\modules\dlib\dlib-19.17\dlib\config.h(23): note: 命令行参数: 参见前面的“DLIB_PNG_SUPPORT”定义 (编译源文件 C:\smartx1.0\modules\dlib\dlib-19.17\dlib\server\server_http.cpp)
  threaded_object_extension.cpp
c:\smartx1.0\modules\dlib\dlib-19.17\dlib\config.h(11): warning C4005: “DLIB_DISABLE_ASSERTS”: 宏重定义 (编译源文件 C:\smartx1.0\modules\dlib\dlib-19.17\dlib\threads\multithreaded_object_extension.cpp)
  c:\smartx1.0\modules\dlib\dlib-19.17\dlib\config.h(11): note: 命令行参数: 参见前面的“DLIB_DISABLE_ASSERTS”定义 (编译源文件 C:\smartx1.0\modules\dlib\dlib-19.17\dlib\threads\multithreaded_object_extension.cpp)
c:\smartx1.0\modules\dlib\dlib-19.17\dlib\config.h(22): warning C4005: “DLIB_JPEG_SUPPORT”: 宏重定义 (编译源文件 C:\smartx1.0\modules\dlib\dlib-19.17\dlib\threads\multithreaded_object_extension.cpp)
  c:\smartx1.0\modules\dlib\dlib-19.17\dlib\config.h(22): note: 命令行参数: 参见前面的“DLIB_JPEG_SUPPORT”定义 (编译源文件 C:\smartx1.0\modules\dlib\dlib-19.17\dlib\threads\multithreaded_object_extension.cpp)
c:\smartx1.0\modules\dlib\dlib-19.17\dlib\config.h(23): warning C4005: “DLIB_PNG_SUPPORT”: 宏重定义 (编译源文件 C:\smartx1.0\modules\dlib\dlib-19.17\dlib\threads\multithreaded_object_extension.cpp)
  c:\smartx1.0\modules\dlib\dlib-19.17\dlib\config.h(23): note: 命令行参数: 参见前面的“DLIB_PNG_SUPPORT”定义 (编译源文件 C:\smartx1.0\modules\dlib\dlib-19.17\dlib\threads\multithreaded_object_extension.cpp)
  threads_kernel_1.cpp
c:\smartx1.0\modules\dlib\dlib-19.17\dlib\config.h(11): warning C4005: “DLIB_DISABLE_ASSERTS”: 宏重定义 (编译源文件 C:\smartx1.0\modules\dlib\dlib-19.17\dlib\threads\threaded_object_extension.cpp)
  c:\smartx1.0\modules\dlib\dlib-19.17\dlib\config.h(11): note: 命令行参数: 参见前面的“DLIB_DISABLE_ASSERTS”定义 (编译源文件 C:\smartx1.0\modules\dlib\dlib-19.17\dlib\threads\threaded_object_extension.cpp)
c:\smartx1.0\modules\dlib\dlib-19.17\dlib\config.h(22): warning C4005: “DLIB_JPEG_SUPPORT”: 宏重定义 (编译源文件 C:\smartx1.0\modules\dlib\dlib-19.17\dlib\threads\threaded_object_extension.cpp)
  c:\smartx1.0\modules\dlib\dlib-19.17\dlib\config.h(22): note: 命令行参数: 参见前面的“DLIB_JPEG_SUPPORT”定义 (编译源文件 C:\smartx1.0\modules\dlib\dlib-19.17\dlib\threads\threaded_object_extension.cpp)
c:\smartx1.0\modules\dlib\dlib-19.17\dlib\config.h(23): warning C4005: “DLIB_PNG_SUPPORT”: 宏重定义 (编译源文件 C:\smartx1.0\modules\dlib\dlib-19.17\dlib\threads\threaded_object_extension.cpp)
  c:\smartx1.0\modules\dlib\dlib-19.17\dlib\config.h(23): note: 命令行参数: 参见前面的“DLIB_PNG_SUPPORT”定义 (编译源文件 C:\smartx1.0\modules\dlib\dlib-19.17\dlib\threads\threaded_object_extension.cpp)
c:\smartx1.0\modules\dlib\dlib-19.17\dlib\config.h(11): warning C4005: “DLIB_DISABLE_ASSERTS”: 宏重定义 (编译源文件 C:\smartx1.0\modules\dlib\dlib-19.17\dlib\threads\threads_kernel_1.cpp)
  c:\smartx1.0\modules\dlib\dlib-19.17\dlib\config.h(11): note: 命令行参数: 参见前面的“DLIB_DISABLE_ASSERTS”定义 (编译源文件 C:\smartx1.0\modules\dlib\dlib-19.17\dlib\threads\threads_kernel_1.cpp)
c:\smartx1.0\modules\dlib\dlib-19.17\dlib\config.h(22): warning C4005: “DLIB_JPEG_SUPPORT”: 宏重定义 (编译源文件 C:\smartx1.0\modules\dlib\dlib-19.17\dlib\threads\threads_kernel_1.cpp)
  c:\smartx1.0\modules\dlib\dlib-19.17\dlib\config.h(22): note: 命令行参数: 参见前面的“DLIB_JPEG_SUPPORT”定义 (编译源文件 C:\smartx1.0\modules\dlib\dlib-19.17\dlib\threads\threads_kernel_1.cpp)
c:\smartx1.0\modules\dlib\dlib-19.17\dlib\config.h(23): warning C4005: “DLIB_PNG_SUPPORT”: 宏重定义 (编译源文件 C:\smartx1.0\modules\dlib\dlib-19.17\dlib\threads\threads_kernel_1.cpp)
  c:\smartx1.0\modules\dlib\dlib-19.17\dlib\config.h(23): note: 命令行参数: 参见前面的“DLIB_PNG_SUPPORT”定义 (编译源文件 C:\smartx1.0\modules\dlib\dlib-19.17\dlib\threads\threads_kernel_1.cpp)
  threads_kernel_2.cpp
  threads_kernel_shared.cpp
  thread_pool_extension.cpp
  async.cpp
  timer.cpp
c:\smartx1.0\modules\dlib\dlib-19.17\dlib\config.h(11): warning C4005: “DLIB_DISABLE_ASSERTS”: 宏重定义 (编译源文件 C:\smartx1.0\modules\dlib\dlib-19.17\dlib\threads\threads_kernel_shared.cpp)
  c:\smartx1.0\modules\dlib\dlib-19.17\dlib\config.h(11): note: 命令行参数: 参见前面的“DLIB_DISABLE_ASSERTS”定义 (编译源文件 C:\smartx1.0\modules\dlib\dlib-19.17\dlib\threads\threads_kernel_shared.cpp)
c:\smartx1.0\modules\dlib\dlib-19.17\dlib\config.h(22): warning C4005: “DLIB_JPEG_SUPPORT”: 宏重定义 (编译源文件 C:\smartx1.0\modules\dlib\dlib-19.17\dlib\threads\threads_kernel_shared.cpp)
  c:\smartx1.0\modules\dlib\dlib-19.17\dlib\config.h(22): note: 命令行参数: 参见前面的“DLIB_JPEG_SUPPORT”定义 (编译源文件 C:\smartx1.0\modules\dlib\dlib-19.17\dlib\threads\threads_kernel_shared.cpp)
c:\smartx1.0\modules\dlib\dlib-19.17\dlib\config.h(23): warning C4005: “DLIB_PNG_SUPPORT”: 宏重定义 (编译源文件 C:\smartx1.0\modules\dlib\dlib-19.17\dlib\threads\threads_kernel_shared.cpp)
  c:\smartx1.0\modules\dlib\dlib-19.17\dlib\config.h(23): note: 命令行参数: 参见前面的“DLIB_PNG_SUPPORT”定义 (编译源文件 C:\smartx1.0\modules\dlib\dlib-19.17\dlib\threads\threads_kernel_shared.cpp)
c:\smartx1.0\modules\dlib\dlib-19.17\dlib\config.h(11): warning C4005: “DLIB_DISABLE_ASSERTS”: 宏重定义 (编译源文件 C:\smartx1.0\modules\dlib\dlib-19.17\dlib\threads\thread_pool_extension.cpp)
  c:\smartx1.0\modules\dlib\dlib-19.17\dlib\config.h(11): note: 命令行参数: 参见前面的“DLIB_DISABLE_ASSERTS”定义 (编译源文件 C:\smartx1.0\modules\dlib\dlib-19.17\dlib\threads\thread_pool_extension.cpp)
c:\smartx1.0\modules\dlib\dlib-19.17\dlib\config.h(22): warning C4005: “DLIB_JPEG_SUPPORT”: 宏重定义 (编译源文件 C:\smartx1.0\modules\dlib\dlib-19.17\dlib\threads\thread_pool_extension.cpp)
  c:\smartx1.0\modules\dlib\dlib-19.17\dlib\config.h(22): note: 命令行参数: 参见前面的“DLIB_JPEG_SUPPORT”定义 (编译源文件 C:\smartx1.0\modules\dlib\dlib-19.17\dlib\threads\thread_pool_extension.cpp)
c:\smartx1.0\modules\dlib\dlib-19.17\dlib\config.h(23): warning C4005: “DLIB_PNG_SUPPORT”: 宏重定义 (编译源文件 C:\smartx1.0\modules\dlib\dlib-19.17\dlib\threads\thread_pool_extension.cpp)
  c:\smartx1.0\modules\dlib\dlib-19.17\dlib\config.h(23): note: 命令行参数: 参见前面的“DLIB_PNG_SUPPORT”定义 (编译源文件 C:\smartx1.0\modules\dlib\dlib-19.17\dlib\threads\thread_pool_extension.cpp)
c:\smartx1.0\modules\dlib\dlib-19.17\dlib\config.h(11): warning C4005: “DLIB_DISABLE_ASSERTS”: 宏重定义 (编译源文件 C:\smartx1.0\modules\dlib\dlib-19.17\dlib\threads\async.cpp)
  c:\smartx1.0\modules\dlib\dlib-19.17\dlib\config.h(11): note: 命令行参数: 参见前面的“DLIB_DISABLE_ASSERTS”定义 (编译源文件 C:\smartx1.0\modules\dlib\dlib-19.17\dlib\threads\async.cpp)
c:\smartx1.0\modules\dlib\dlib-19.17\dlib\config.h(22): warning C4005: “DLIB_JPEG_SUPPORT”: 宏重定义 (编译源文件 C:\smartx1.0\modules\dlib\dlib-19.17\dlib\threads\async.cpp)
  c:\smartx1.0\modules\dlib\dlib-19.17\dlib\config.h(22): note: 命令行参数: 参见前面的“DLIB_JPEG_SUPPORT”定义 (编译源文件 C:\smartx1.0\modules\dlib\dlib-19.17\dlib\threads\async.cpp)
c:\smartx1.0\modules\dlib\dlib-19.17\dlib\config.h(23): warning C4005: “DLIB_PNG_SUPPORT”: 宏重定义 (编译源文件 C:\smartx1.0\modules\dlib\dlib-19.17\dlib\threads\async.cpp)
  c:\smartx1.0\modules\dlib\dlib-19.17\dlib\config.h(23): note: 命令行参数: 参见前面的“DLIB_PNG_SUPPORT”定义 (编译源文件 C:\smartx1.0\modules\dlib\dlib-19.17\dlib\threads\async.cpp)
c:\smartx1.0\modules\dlib\dlib-19.17\dlib\config.h(11): warning C4005: “DLIB_DISABLE_ASSERTS”: 宏重定义 (编译源文件 C:\smartx1.0\modules\dlib\dlib-19.17\dlib\timer\timer.cpp)
  c:\smartx1.0\modules\dlib\dlib-19.17\dlib\config.h(11): note: 命令行参数: 参见前面的“DLIB_DISABLE_ASSERTS”定义 (编译源文件 C:\smartx1.0\modules\dlib\dlib-19.17\dlib\timer\timer.cpp)
c:\smartx1.0\modules\dlib\dlib-19.17\dlib\config.h(22): warning C4005: “DLIB_JPEG_SUPPORT”: 宏重定义 (编译源文件 C:\smartx1.0\modules\dlib\dlib-19.17\dlib\timer\timer.cpp)
  c:\smartx1.0\modules\dlib\dlib-19.17\dlib\config.h(22): note: 命令行参数: 参见前面的“DLIB_JPEG_SUPPORT”定义 (编译源文件 C:\smartx1.0\modules\dlib\dlib-19.17\dlib\timer\timer.cpp)
c:\smartx1.0\modules\dlib\dlib-19.17\dlib\config.h(23): warning C4005: “DLIB_PNG_SUPPORT”: 宏重定义 (编译源文件 C:\smartx1.0\modules\dlib\dlib-19.17\dlib\timer\timer.cpp)
  c:\smartx1.0\modules\dlib\dlib-19.17\dlib\config.h(23): note: 命令行参数: 参见前面的“DLIB_PNG_SUPPORT”定义 (编译源文件 C:\smartx1.0\modules\dlib\dlib-19.17\dlib\timer\timer.cpp)
  stack_trace.cpp
  cpu_dlib.cpp
c:\smartx1.0\modules\dlib\dlib-19.17\dlib\config.h(11): warning C4005: “DLIB_DISABLE_ASSERTS”: 宏重定义 (编译源文件 C:\smartx1.0\modules\dlib\dlib-19.17\dlib\cuda\cpu_dlib.cpp)
  c:\smartx1.0\modules\dlib\dlib-19.17\dlib\config.h(11): note: 命令行参数: 参见前面的“DLIB_DISABLE_ASSERTS”定义 (编译源文件 C:\smartx1.0\modules\dlib\dlib-19.17\dlib\cuda\cpu_dlib.cpp)
c:\smartx1.0\modules\dlib\dlib-19.17\dlib\config.h(22): warning C4005: “DLIB_JPEG_SUPPORT”: 宏重定义 (编译源文件 C:\smartx1.0\modules\dlib\dlib-19.17\dlib\cuda\cpu_dlib.cpp)
  c:\smartx1.0\modules\dlib\dlib-19.17\dlib\config.h(22): note: 命令行参数: 参见前面的“DLIB_JPEG_SUPPORT”定义 (编译源文件 C:\smartx1.0\modules\dlib\dlib-19.17\dlib\cuda\cpu_dlib.cpp)
c:\smartx1.0\modules\dlib\dlib-19.17\dlib\config.h(23): warning C4005: “DLIB_PNG_SUPPORT”: 宏重定义 (编译源文件 C:\smartx1.0\modules\dlib\dlib-19.17\dlib\cuda\cpu_dlib.cpp)
  c:\smartx1.0\modules\dlib\dlib-19.17\dlib\config.h(23): note: 命令行参数: 参见前面的“DLIB_PNG_SUPPORT”定义 (编译源文件 C:\smartx1.0\modules\dlib\dlib-19.17\dlib\cuda\cpu_dlib.cpp)
  tensor_tools.cpp
c:\smartx1.0\modules\dlib\dlib-19.17\dlib\config.h(11): warning C4005: “DLIB_DISABLE_ASSERTS”: 宏重定义 (编译源文件 C:\smartx1.0\modules\dlib\dlib-19.17\dlib\cuda\tensor_tools.cpp)
  c:\smartx1.0\modules\dlib\dlib-19.17\dlib\config.h(11): note: 命令行参数: 参见前面的“DLIB_DISABLE_ASSERTS”定义 (编译源文件 C:\smartx1.0\modules\dlib\dlib-19.17\dlib\cuda\tensor_tools.cpp)
c:\smartx1.0\modules\dlib\dlib-19.17\dlib\config.h(22): warning C4005: “DLIB_JPEG_SUPPORT”: 宏重定义 (编译源文件 C:\smartx1.0\modules\dlib\dlib-19.17\dlib\cuda\tensor_tools.cpp)
  c:\smartx1.0\modules\dlib\dlib-19.17\dlib\config.h(22): note: 命令行参数: 参见前面的“DLIB_JPEG_SUPPORT”定义 (编译源文件 C:\smartx1.0\modules\dlib\dlib-19.17\dlib\cuda\tensor_tools.cpp)
c:\smartx1.0\modules\dlib\dlib-19.17\dlib\config.h(23): warning C4005: “DLIB_PNG_SUPPORT”: 宏重定义 (编译源文件 C:\smartx1.0\modules\dlib\dlib-19.17\dlib\cuda\tensor_tools.cpp)
  c:\smartx1.0\modules\dlib\dlib-19.17\dlib\config.h(23): note: 命令行参数: 参见前面的“DLIB_PNG_SUPPORT”定义 (编译源文件 C:\smartx1.0\modules\dlib\dlib-19.17\dlib\cuda\tensor_tools.cpp)
  fonts.cpp
  widgets.cpp
c:\smartx1.0\modules\dlib\dlib-19.17\dlib\config.h(11): warning C4005: “DLIB_DISABLE_ASSERTS”: 宏重定义 (编译源文件 C:\smartx1.0\modules\dlib\dlib-19.17\dlib\gui_widgets\widgets.cpp)
  c:\smartx1.0\modules\dlib\dlib-19.17\dlib\config.h(11): note: 命令行参数: 参见前面的“DLIB_DISABLE_ASSERTS”定义 (编译源文件 C:\smartx1.0\modules\dlib\dlib-19.17\dlib\gui_widgets\widgets.cpp)
c:\smartx1.0\modules\dlib\dlib-19.17\dlib\config.h(22): warning C4005: “DLIB_JPEG_SUPPORT”: 宏重定义 (编译源文件 C:\smartx1.0\modules\dlib\dlib-19.17\dlib\gui_widgets\widgets.cpp)
  c:\smartx1.0\modules\dlib\dlib-19.17\dlib\config.h(22): note: 命令行参数: 参见前面的“DLIB_JPEG_SUPPORT”定义 (编译源文件 C:\smartx1.0\modules\dlib\dlib-19.17\dlib\gui_widgets\widgets.cpp)
c:\smartx1.0\modules\dlib\dlib-19.17\dlib\config.h(23): warning C4005: “DLIB_PNG_SUPPORT”: 宏重定义 (编译源文件 C:\smartx1.0\modules\dlib\dlib-19.17\dlib\gui_widgets\widgets.cpp)
  c:\smartx1.0\modules\dlib\dlib-19.17\dlib\config.h(23): note: 命令行参数: 参见前面的“DLIB_PNG_SUPPORT”定义 (编译源文件 C:\smartx1.0\modules\dlib\dlib-19.17\dlib\gui_widgets\widgets.cpp)
c:\smartx1.0\modules\dlib\dlib-19.17\dlib\config.h(11): warning C4005: “DLIB_DISABLE_ASSERTS”: 宏重定义 (编译源文件 C:\smartx1.0\modules\dlib\dlib-19.17\dlib\gui_widgets\fonts.cpp)
  c:\smartx1.0\modules\dlib\dlib-19.17\dlib\config.h(11): note: 命令行参数: 参见前面的“DLIB_DISABLE_ASSERTS”定义 (编译源文件 C:\smartx1.0\modules\dlib\dlib-19.17\dlib\gui_widgets\fonts.cpp)
c:\smartx1.0\modules\dlib\dlib-19.17\dlib\config.h(22): warning C4005: “DLIB_JPEG_SUPPORT”: 宏重定义 (编译源文件 C:\smartx1.0\modules\dlib\dlib-19.17\dlib\gui_widgets\fonts.cpp)
  c:\smartx1.0\modules\dlib\dlib-19.17\dlib\config.h(22): note: 命令行参数: 参见前面的“DLIB_JPEG_SUPPORT”定义 (编译源文件 C:\smartx1.0\modules\dlib\dlib-19.17\dlib\gui_widgets\fonts.cpp)
c:\smartx1.0\modules\dlib\dlib-19.17\dlib\config.h(23): warning C4005: “DLIB_PNG_SUPPORT”: 宏重定义 (编译源文件 C:\smartx1.0\modules\dlib\dlib-19.17\dlib\gui_widgets\fonts.cpp)
  c:\smartx1.0\modules\dlib\dlib-19.17\dlib\config.h(23): note: 命令行参数: 参见前面的“DLIB_PNG_SUPPORT”定义 (编译源文件 C:\smartx1.0\modules\dlib\dlib-19.17\dlib\gui_widgets\fonts.cpp)
  drawable.cpp
  canvas_drawing.cpp
c:\smartx1.0\modules\dlib\dlib-19.17\dlib\config.h(11): warning C4005: “DLIB_DISABLE_ASSERTS”: 宏重定义 (编译源文件 C:\smartx1.0\modules\dlib\dlib-19.17\dlib\gui_widgets\drawable.cpp)
  c:\smartx1.0\modules\dlib\dlib-19.17\dlib\config.h(11): note: 命令行参数: 参见前面的“DLIB_DISABLE_ASSERTS”定义 (编译源文件 C:\smartx1.0\modules\dlib\dlib-19.17\dlib\gui_widgets\drawable.cpp)
c:\smartx1.0\modules\dlib\dlib-19.17\dlib\config.h(22): warning C4005: “DLIB_JPEG_SUPPORT”: 宏重定义 (编译源文件 C:\smartx1.0\modules\dlib\dlib-19.17\dlib\gui_widgets\drawable.cpp)
  c:\smartx1.0\modules\dlib\dlib-19.17\dlib\config.h(22): note: 命令行参数: 参见前面的“DLIB_JPEG_SUPPORT”定义 (编译源文件 C:\smartx1.0\modules\dlib\dlib-19.17\dlib\gui_widgets\drawable.cpp)
c:\smartx1.0\modules\dlib\dlib-19.17\dlib\config.h(23): warning C4005: “DLIB_PNG_SUPPORT”: 宏重定义 (编译源文件 C:\smartx1.0\modules\dlib\dlib-19.17\dlib\gui_widgets\drawable.cpp)
  c:\smartx1.0\modules\dlib\dlib-19.17\dlib\config.h(23): note: 命令行参数: 参见前面的“DLIB_PNG_SUPPORT”定义 (编译源文件 C:\smartx1.0\modules\dlib\dlib-19.17\dlib\gui_widgets\drawable.cpp)
c:\smartx1.0\modules\dlib\dlib-19.17\dlib\config.h(11): warning C4005: “DLIB_DISABLE_ASSERTS”: 宏重定义 (编译源文件 C:\smartx1.0\modules\dlib\dlib-19.17\dlib\gui_widgets\canvas_drawing.cpp)
  c:\smartx1.0\modules\dlib\dlib-19.17\dlib\config.h(11): note: 命令行参数: 参见前面的“DLIB_DISABLE_ASSERTS”定义 (编译源文件 C:\smartx1.0\modules\dlib\dlib-19.17\dlib\gui_widgets\canvas_drawing.cpp)
c:\smartx1.0\modules\dlib\dlib-19.17\dlib\config.h(22): warning C4005: “DLIB_JPEG_SUPPORT”: 宏重定义 (编译源文件 C:\smartx1.0\modules\dlib\dlib-19.17\dlib\gui_widgets\canvas_drawing.cpp)
  c:\smartx1.0\modules\dlib\dlib-19.17\dlib\config.h(22): note: 命令行参数: 参见前面的“DLIB_JPEG_SUPPORT”定义 (编译源文件 C:\smartx1.0\modules\dlib\dlib-19.17\dlib\gui_widgets\canvas_drawing.cpp)
c:\smartx1.0\modules\dlib\dlib-19.17\dlib\config.h(23): warning C4005: “DLIB_PNG_SUPPORT”: 宏重定义 (编译源文件 C:\smartx1.0\modules\dlib\dlib-19.17\dlib\gui_widgets\canvas_drawing.cpp)
  c:\smartx1.0\modules\dlib\dlib-19.17\dlib\config.h(23): note: 命令行参数: 参见前面的“DLIB_PNG_SUPPORT”定义 (编译源文件 C:\smartx1.0\modules\dlib\dlib-19.17\dlib\gui_widgets\canvas_drawing.cpp)
  style.cpp
c:\smartx1.0\modules\dlib\dlib-19.17\dlib\config.h(11): warning C4005: “DLIB_DISABLE_ASSERTS”: 宏重定义 (编译源文件 C:\smartx1.0\modules\dlib\dlib-19.17\dlib\gui_widgets\style.cpp)
  c:\smartx1.0\modules\dlib\dlib-19.17\dlib\config.h(11): note: 命令行参数: 参见前面的“DLIB_DISABLE_ASSERTS”定义 (编译源文件 C:\smartx1.0\modules\dlib\dlib-19.17\dlib\gui_widgets\style.cpp)
c:\smartx1.0\modules\dlib\dlib-19.17\dlib\config.h(22): warning C4005: “DLIB_JPEG_SUPPORT”: 宏重定义 (编译源文件 C:\smartx1.0\modules\dlib\dlib-19.17\dlib\gui_widgets\style.cpp)
  c:\smartx1.0\modules\dlib\dlib-19.17\dlib\config.h(22): note: 命令行参数: 参见前面的“DLIB_JPEG_SUPPORT”定义 (编译源文件 C:\smartx1.0\modules\dlib\dlib-19.17\dlib\gui_widgets\style.cpp)
c:\smartx1.0\modules\dlib\dlib-19.17\dlib\config.h(23): warning C4005: “DLIB_PNG_SUPPORT”: 宏重定义 (编译源文件 C:\smartx1.0\modules\dlib\dlib-19.17\dlib\gui_widgets\style.cpp)
  c:\smartx1.0\modules\dlib\dlib-19.17\dlib\config.h(23): note: 命令行参数: 参见前面的“DLIB_PNG_SUPPORT”定义 (编译源文件 C:\smartx1.0\modules\dlib\dlib-19.17\dlib\gui_widgets\style.cpp)
  base_widgets.cpp
  gui_core_kernel_1.cpp
  gui_core_kernel_2.cpp
  png_loader.cpp
c:\smartx1.0\modules\dlib\dlib-19.17\dlib\config.h(11): warning C4005: “DLIB_DISABLE_ASSERTS”: 宏重定义 (编译源文件 C:\smartx1.0\modules\dlib\dlib-19.17\dlib\image_loader\png_loader.cpp)
  c:\smartx1.0\modules\dlib\dlib-19.17\dlib\config.h(11): note: 命令行参数: 参见前面的“DLIB_DISABLE_ASSERTS”定义 (编译源文件 C:\smartx1.0\modules\dlib\dlib-19.17\dlib\image_loader\png_loader.cpp)
c:\smartx1.0\modules\dlib\dlib-19.17\dlib\config.h(22): warning C4005: “DLIB_JPEG_SUPPORT”: 宏重定义 (编译源文件 C:\smartx1.0\modules\dlib\dlib-19.17\dlib\image_loader\png_loader.cpp)
  c:\smartx1.0\modules\dlib\dlib-19.17\dlib\config.h(22): note: 命令行参数: 参见前面的“DLIB_JPEG_SUPPORT”定义 (编译源文件 C:\smartx1.0\modules\dlib\dlib-19.17\dlib\image_loader\png_loader.cpp)
c:\smartx1.0\modules\dlib\dlib-19.17\dlib\config.h(23): warning C4005: “DLIB_PNG_SUPPORT”: 宏重定义 (编译源文件 C:\smartx1.0\modules\dlib\dlib-19.17\dlib\image_loader\png_loader.cpp)
  c:\smartx1.0\modules\dlib\dlib-19.17\dlib\config.h(23): note: 命令行参数: 参见前面的“DLIB_PNG_SUPPORT”定义 (编译源文件 C:\smartx1.0\modules\dlib\dlib-19.17\dlib\image_loader\png_loader.cpp)
c:\smartx1.0\modules\dlib\dlib-19.17\dlib\config.h(11): warning C4005: “DLIB_DISABLE_ASSERTS”: 宏重定义 (编译源文件 C:\smartx1.0\modules\dlib\dlib-19.17\dlib\gui_widgets\base_widgets.cpp)
  c:\smartx1.0\modules\dlib\dlib-19.17\dlib\config.h(11): note: 命令行参数: 参见前面的“DLIB_DISABLE_ASSERTS”定义 (编译源文件 C:\smartx1.0\modules\dlib\dlib-19.17\dlib\gui_widgets\base_widgets.cpp)
c:\smartx1.0\modules\dlib\dlib-19.17\dlib\config.h(22): warning C4005: “DLIB_JPEG_SUPPORT”: 宏重定义 (编译源文件 C:\smartx1.0\modules\dlib\dlib-19.17\dlib\gui_widgets\base_widgets.cpp)
  c:\smartx1.0\modules\dlib\dlib-19.17\dlib\config.h(22): note: 命令行参数: 参见前面的“DLIB_JPEG_SUPPORT”定义 (编译源文件 C:\smartx1.0\modules\dlib\dlib-19.17\dlib\gui_widgets\base_widgets.cpp)
c:\smartx1.0\modules\dlib\dlib-19.17\dlib\config.h(23): warning C4005: “DLIB_PNG_SUPPORT”: 宏重定义 (编译源文件 C:\smartx1.0\modules\dlib\dlib-19.17\dlib\gui_widgets\base_widgets.cpp)
  c:\smartx1.0\modules\dlib\dlib-19.17\dlib\config.h(23): note: 命令行参数: 参见前面的“DLIB_PNG_SUPPORT”定义 (编译源文件 C:\smartx1.0\modules\dlib\dlib-19.17\dlib\gui_widgets\base_widgets.cpp)
c:\smartx1.0\modules\dlib\dlib-19.17\dlib\config.h(11): warning C4005: “DLIB_DISABLE_ASSERTS”: 宏重定义 (编译源文件 C:\smartx1.0\modules\dlib\dlib-19.17\dlib\gui_core\gui_core_kernel_1.cpp)
  c:\smartx1.0\modules\dlib\dlib-19.17\dlib\config.h(11): note: 命令行参数: 参见前面的“DLIB_DISABLE_ASSERTS”定义 (编译源文件 C:\smartx1.0\modules\dlib\dlib-19.17\dlib\gui_core\gui_core_kernel_1.cpp)
c:\smartx1.0\modules\dlib\dlib-19.17\dlib\config.h(22): warning C4005: “DLIB_JPEG_SUPPORT”: 宏重定义 (编译源文件 C:\smartx1.0\modules\dlib\dlib-19.17\dlib\gui_core\gui_core_kernel_1.cpp)
  c:\smartx1.0\modules\dlib\dlib-19.17\dlib\config.h(22): note: 命令行参数: 参见前面的“DLIB_JPEG_SUPPORT”定义 (编译源文件 C:\smartx1.0\modules\dlib\dlib-19.17\dlib\gui_core\gui_core_kernel_1.cpp)
c:\smartx1.0\modules\dlib\dlib-19.17\dlib\config.h(23): warning C4005: “DLIB_PNG_SUPPORT”: 宏重定义 (编译源文件 C:\smartx1.0\modules\dlib\dlib-19.17\dlib\gui_core\gui_core_kernel_1.cpp)
  c:\smartx1.0\modules\dlib\dlib-19.17\dlib\config.h(23): note: 命令行参数: 参见前面的“DLIB_PNG_SUPPORT”定义 (编译源文件 C:\smartx1.0\modules\dlib\dlib-19.17\dlib\gui_core\gui_core_kernel_1.cpp)
  save_png.cpp
c:\smartx1.0\modules\dlib\dlib-19.17\dlib\config.h(11): warning C4005: “DLIB_DISABLE_ASSERTS”: 宏重定义 (编译源文件 C:\smartx1.0\modules\dlib\dlib-19.17\dlib\image_saver\save_png.cpp)
  c:\smartx1.0\modules\dlib\dlib-19.17\dlib\config.h(11): note: 命令行参数: 参见前面的“DLIB_DISABLE_ASSERTS”定义 (编译源文件 C:\smartx1.0\modules\dlib\dlib-19.17\dlib\image_saver\save_png.cpp)
c:\smartx1.0\modules\dlib\dlib-19.17\dlib\config.h(22): warning C4005: “DLIB_JPEG_SUPPORT”: 宏重定义 (编译源文件 C:\smartx1.0\modules\dlib\dlib-19.17\dlib\image_saver\save_png.cpp)
  c:\smartx1.0\modules\dlib\dlib-19.17\dlib\config.h(22): note: 命令行参数: 参见前面的“DLIB_JPEG_SUPPORT”定义 (编译源文件 C:\smartx1.0\modules\dlib\dlib-19.17\dlib\image_saver\save_png.cpp)
c:\smartx1.0\modules\dlib\dlib-19.17\dlib\config.h(23): warning C4005: “DLIB_PNG_SUPPORT”: 宏重定义 (编译源文件 C:\smartx1.0\modules\dlib\dlib-19.17\dlib\image_saver\save_png.cpp)
  c:\smartx1.0\modules\dlib\dlib-19.17\dlib\config.h(23): note: 命令行参数: 参见前面的“DLIB_PNG_SUPPORT”定义 (编译源文件 C:\smartx1.0\modules\dlib\dlib-19.17\dlib\image_saver\save_png.cpp)
  jcomapi.cpp
  jdapimin.cpp
  jdapistd.cpp
  jdatasrc.cpp
  jdcoefct.cpp
  jdcolor.cpp
  jddctmgr.cpp
  jdhuff.cpp
  jdinput.cpp
  jdmainct.cpp
  jdmarker.cpp
  jdmaster.cpp
  jdmerge.cpp
  jdphuff.cpp
  jdpostct.cpp
  jdsample.cpp
  jerror.cpp
  jidctflt.cpp
  jidctfst.cpp
  jidctint.cpp
  jidctred.cpp
  jmemmgr.cpp
  jmemnobs.cpp
  jquant1.cpp
  jquant2.cpp
  jutils.cpp
  jcapimin.cpp
  jdatadst.cpp
  jcparam.cpp
  jcapistd.cpp
  jcmarker.cpp
  jcinit.cpp
  jcmaster.cpp
  jcdctmgr.cpp
  jccoefct.cpp
  jccolor.cpp
  jchuff.cpp
  jcmainct.cpp
  jcphuff.cpp
  jcprepct.cpp
  jcsample.cpp
  jfdctint.cpp
  jfdctflt.cpp
  jfdctfst.cpp
  jpeg_loader.cpp
  save_jpeg.cpp
c:\smartx1.0\modules\dlib\dlib-19.17\dlib\config.h(11): warning C4005: “DLIB_DISABLE_ASSERTS”: 宏重定义 (编译源文件 C:\smartx1.0\modules\dlib\dlib-19.17\dlib\image_loader\jpeg_loader.cpp)
  c:\smartx1.0\modules\dlib\dlib-19.17\dlib\config.h(11): note: 命令行参数: 参见前面的“DLIB_DISABLE_ASSERTS”定义 (编译源文件 C:\smartx1.0\modules\dlib\dlib-19.17\dlib\image_loader\jpeg_loader.cpp)
c:\smartx1.0\modules\dlib\dlib-19.17\dlib\config.h(22): warning C4005: “DLIB_JPEG_SUPPORT”: 宏重定义 (编译源文件 C:\smartx1.0\modules\dlib\dlib-19.17\dlib\image_loader\jpeg_loader.cpp)
  c:\smartx1.0\modules\dlib\dlib-19.17\dlib\config.h(22): note: 命令行参数: 参见前面的“DLIB_JPEG_SUPPORT”定义 (编译源文件 C:\smartx1.0\modules\dlib\dlib-19.17\dlib\image_loader\jpeg_loader.cpp)
c:\smartx1.0\modules\dlib\dlib-19.17\dlib\config.h(23): warning C4005: “DLIB_PNG_SUPPORT”: 宏重定义 (编译源文件 C:\smartx1.0\modules\dlib\dlib-19.17\dlib\image_loader\jpeg_loader.cpp)
  c:\smartx1.0\modules\dlib\dlib-19.17\dlib\config.h(23): note: 命令行参数: 参见前面的“DLIB_PNG_SUPPORT”定义 (编译源文件 C:\smartx1.0\modules\dlib\dlib-19.17\dlib\image_loader\jpeg_loader.cpp)
c:\smartx1.0\modules\dlib\dlib-19.17\dlib\config.h(11): warning C4005: “DLIB_DISABLE_ASSERTS”: 宏重定义 (编译源文件 C:\smartx1.0\modules\dlib\dlib-19.17\dlib\image_saver\save_jpeg.cpp)
  c:\smartx1.0\modules\dlib\dlib-19.17\dlib\config.h(11): note: 命令行参数: 参见前面的“DLIB_DISABLE_ASSERTS”定义 (编译源文件 C:\smartx1.0\modules\dlib\dlib-19.17\dlib\image_saver\save_jpeg.cpp)
c:\smartx1.0\modules\dlib\dlib-19.17\dlib\config.h(22): warning C4005: “DLIB_JPEG_SUPPORT”: 宏重定义 (编译源文件 C:\smartx1.0\modules\dlib\dlib-19.17\dlib\image_saver\save_jpeg.cpp)
  c:\smartx1.0\modules\dlib\dlib-19.17\dlib\config.h(22): note: 命令行参数: 参见前面的“DLIB_JPEG_SUPPORT”定义 (编译源文件 C:\smartx1.0\modules\dlib\dlib-19.17\dlib\image_saver\save_jpeg.cpp)
c:\smartx1.0\modules\dlib\dlib-19.17\dlib\config.h(23): warning C4005: “DLIB_PNG_SUPPORT”: 宏重定义 (编译源文件 C:\smartx1.0\modules\dlib\dlib-19.17\dlib\image_saver\save_jpeg.cpp)
  c:\smartx1.0\modules\dlib\dlib-19.17\dlib\config.h(23): note: 命令行参数: 参见前面的“DLIB_PNG_SUPPORT”定义 (编译源文件 C:\smartx1.0\modules\dlib\dlib-19.17\dlib\image_saver\save_jpeg.cpp)
cl : 命令行 warning D9002: 忽略未知选项“-fPIC”
cl : 命令行 warning D9002: 忽略未知选项“-fPIC”
cl : 命令行 warning D9002: 忽略未知选项“-fPIC”
  arm_init.c
cl : 命令行 warning D9002: 忽略未知选项“-fPIC”
  filter_neon_intrinsics.c
  png.c
cl : 命令行 warning D9002: 忽略未知选项“-fPIC”
  pngerror.c
  pngget.c
  pngmem.c
  pngpread.c
  pngread.c
  pngrio.c
  pngrtran.c
  pngrutil.c
  pngset.c
  pngtrans.c
  pngwio.c
  pngwrite.c
  pngwtran.c
  pngwutil.c
  adler32.c
  compress.c
  crc32.c
  deflate.c
  gzclose.c
  gzlib.c
  gzread.c
  gzwrite.c
  infback.c
  inffast.c
  inflate.c
  inftrees.c
  trees.c
  uncompr.c
  zutil.c
  dlib.vcxproj -> C:\smartx1.0\modules\dlib\dlib-19.17\dlib\Release\dlib19.17.0_release_32bit_msvc1900.lib
