d:\ssh_projejct\libssh2-1.9.0\win32\debug\vc141.pdb
d:\ssh_projejct\libssh2-1.9.0\win32\debug\vc141.idb
d:\ssh_projejct\libssh2-1.9.0\win32\debug\crypt.obj
d:\ssh_projejct\libssh2-1.9.0\win32\debug\global.obj
d:\ssh_projejct\libssh2-1.9.0\win32\debug\hostkey.obj
d:\ssh_projejct\libssh2-1.9.0\win32\debug\keepalive.obj
d:\ssh_projejct\libssh2-1.9.0\win32\debug\kex.obj
d:\ssh_projejct\libssh2-1.9.0\win32\debug\knownhost.obj
d:\ssh_projejct\libssh2-1.9.0\win32\debug\mac.obj
d:\ssh_projejct\libssh2-1.9.0\win32\debug\mbedtls.obj
d:\ssh_projejct\libssh2-1.9.0\win32\debug\misc.obj
d:\ssh_projejct\libssh2-1.9.0\win32\debug\openssl.obj
d:\ssh_projejct\libssh2-1.9.0\win32\debug\packet.obj
d:\ssh_projejct\libssh2-1.9.0\win32\debug\pem.obj
d:\ssh_projejct\libssh2-1.9.0\win32\debug\publickey.obj
d:\ssh_projejct\libssh2-1.9.0\win32\debug\scp.obj
d:\ssh_projejct\libssh2-1.9.0\win32\debug\session.obj
d:\ssh_projejct\libssh2-1.9.0\win32\debug\sftp.obj
d:\ssh_projejct\libssh2-1.9.0\win32\debug\transport.obj
d:\ssh_projejct\libssh2-1.9.0\win32\debug\userauth.obj
d:\ssh_projejct\libssh2-1.9.0\win32\debug\version.obj
d:\ssh_projejct\libssh2-1.9.0\win32\debug\wincng.obj
d:\ssh_projejct\libssh2-1.9.0\win32\debug\agent.obj
d:\ssh_projejct\libssh2-1.9.0\win32\debug\bcrypt_pbkdf.obj
d:\ssh_projejct\libssh2-1.9.0\win32\debug\blowfish.obj
d:\ssh_projejct\libssh2-1.9.0\win32\debug\channel.obj
d:\ssh_projejct\libssh2-1.9.0\win32\debug\comp.obj
d:\ssh_projejct\libssh2-1.9.0\win32\debug_dll\libssh2.lib
d:\ssh_projejct\libssh2-1.9.0\win32\debug_dll\libssh2.exp
d:\ssh_projejct\libssh2-1.9.0\win32\debug\libssh2.dll
d:\ssh_projejct\libssh2-1.9.0\win32\debug\libssh2.pdb
d:\ssh_projejct\libssh2-1.9.0\win32\.\debug\libssh2.dll
d:\ssh_projejct\libssh2-1.9.0\win32\debug\libssh2.tlog\cl.command.1.tlog
d:\ssh_projejct\libssh2-1.9.0\win32\debug\libssh2.tlog\cl.read.1.tlog
d:\ssh_projejct\libssh2-1.9.0\win32\debug\libssh2.tlog\cl.write.1.tlog
d:\ssh_projejct\libssh2-1.9.0\win32\debug\libssh2.tlog\libssh2.write.1u.tlog
d:\ssh_projejct\libssh2-1.9.0\win32\debug\libssh2.tlog\link.command.1.tlog
d:\ssh_projejct\libssh2-1.9.0\win32\debug\libssh2.tlog\link.read.1.tlog
d:\ssh_projejct\libssh2-1.9.0\win32\debug\libssh2.tlog\link.write.1.tlog
