.\.\pthread.pdb
C:\SMARTX\SOFT\LIB\PTHREAD.DLL
C:\SmartX\soft\lib\pthread.exp
C:\SmartX\soft\lib\pthread.lib
C:\SmartX\soft\lib\pthread\cl.command.1.tlog
C:\SmartX\soft\lib\pthread\CL.read.1.tlog
C:\SmartX\soft\lib\pthread\CL.write.1.tlog
C:\SmartX\soft\lib\pthread\link.command.1.tlog
C:\SmartX\soft\lib\pthread\link.read.1.tlog
C:\SmartX\soft\lib\pthread\link.write.1.tlog
C:\SmartX\soft\lib\pthread\link-cvtres.read.1.tlog
C:\SmartX\soft\lib\pthread\link-cvtres.write.1.tlog
C:\SmartX\soft\lib\pthread\mt.command.1.tlog
C:\SmartX\soft\lib\pthread\mt.read.1.tlog
C:\SmartX\soft\lib\pthread\mt.write.1.tlog
C:\SMARTX\SOFT\LIB\PTHREAD\PTHREAD.DLL.INTERMEDIATE.MANIFEST
C:\SmartX\soft\lib\pthread\pthread.exp
C:\SMARTX\SOFT\LIB\PTHREAD\PTHREAD.OBJ
C:\SmartX\soft\lib\pthread\pthread.pdb
C:\SmartX\soft\lib\pthread\pthread.write.1.tlog
C:\SmartX\soft\lib\pthread\rc.command.1.tlog
C:\SmartX\soft\lib\pthread\rc.read.1.tlog
C:\SmartX\soft\lib\pthread\rc.write.1.tlog
C:\SmartX\soft\lib\pthread\vc100.idb
C:\SMARTX\SOFT\LIB\PTHREAD\VC100.PDB
C:\SMARTX\SOFT\LIB\PTHREAD\VERSION.RES
