生成启动时间为 2017/3/21 1:44:40。
     1>项目“C:\SmartX\soft\lib\pthread\pthread.vcxproj”在节点 2 上(rebuild 个目标)。
     1>_PrepareForClean:
         正在删除文件“.\.\pthread.lastbuildstate”。
       InitializeBuildStatus:
         正在创建“.\.\pthread.unsuccessfulbuild”，因为已指定“AlwaysCreate”。
       ClCompile:
         C:\Program Files\Microsoft Visual Studio 10.0\VC\bin\CL.exe /c /I. /Zi /nologo /W3 /WX- /O2 /Ob1 /Oy- /D __CLEANUP_C /D WIN32 /D NDEBUG /D _WINDOWS /D _USRDLL /D PTW32_BUILD /D _VC80_UPGRADE=0x0600 /D _WINDLL /D _MBCS /GF /Gm- /EHsc /MD /GS /Gy /fp:precise /Zc:wchar_t /Zc:forScope /Fo".\.\\" /Fd".\.\vc100.pdb" /Gd /TC /analyze- /errorReport:prompt pthread.c
         pthread.c
     1>c:\smartx\soft\lib\pthread\ptw32_relmillisecs.c(97): warning C4996: '_ftime64': This function or variable may be unsafe. Consider using _ftime64_s instead. To disable deprecation, use _CRT_SECURE_NO_WARNINGS. See online help for details.
                 C:\Program Files\Microsoft Visual Studio 10.0\VC\include\sys/timeb.h(124) : 参见“_ftime64”的声明
       ResourceCompile:
         C:\Program Files\Microsoft SDKs\Windows\v7.0A\bin\rc.exe /D NDEBUG /D PTW32_RC_MSC /D _VC80_UPGRADE=0x0600 /l"0x0409" /I. /nologo /fo".\.\version.res" version.rc 
     1>C:\Program Files\MSBuild\Microsoft.Cpp\v4.0\Microsoft.CppBuild.targets(990,5): warning MSB8012: TargetPath(C:\SmartX\soft\lib\pthread\.\.\pthread.dll) 与 Linker 的 OutputFile 属性值(C:\SmartX\soft\lib\pthread.dll)不匹配。这可能导致项目生成不正确。若要更正此问题，请确保 $(OutDir)、$(TargetName) 和 $(TargetExt) 属性值与 %(Link.OutputFile) 中指定的值匹配。
       Link:
         C:\Program Files\Microsoft Visual Studio 10.0\VC\bin\link.exe /ERRORREPORT:PROMPT /OUT:"../pthread.dll" /INCREMENTAL:NO /NOLOGO ws2_32.lib kernel32.lib user32.lib gdi32.lib winspool.lib comdlg32.lib advapi32.lib shell32.lib ole32.lib oleaut32.lib uuid.lib odbc32.lib odbccp32.lib /MANIFEST /ManifestFile:".\.\pthread.dll.intermediate.manifest" /MANIFESTUAC:"level='asInvoker' uiAccess='false'" /PDB:"C:\SmartX\soft\lib\pthread\pthread.pdb" /SUBSYSTEM:CONSOLE /TLBID:1 /DYNAMICBASE /NXCOMPAT /IMPLIB:"..\pthread.lib" /MACHINE:X86 /DLL .\.\version.res
         .\.\pthread.obj
            正在创建库 ..\pthread.lib 和对象 ..\pthread.exp
         pthread.vcxproj -> C:\SmartX\soft\lib\pthread\.\.\pthread.dll
       Manifest:
         C:\Program Files\Microsoft SDKs\Windows\v7.0A\bin\mt.exe /nologo /verbose /outputresource:"../pthread.dll;#2" /manifest .\.\pthread.dll.intermediate.manifest
       FinalizeBuildStatus:
         正在删除文件“.\.\pthread.unsuccessfulbuild”。
         正在对“.\.\pthread.lastbuildstate”执行 Touch 任务。
     1>已完成生成项目“C:\SmartX\soft\lib\pthread\pthread.vcxproj”(rebuild 个目标)的操作。

生成成功。

已用时间 00:00:01.40
