d:\ssh_projejct\libssh2-1.9.0\win32\debug_dll\vc141.pdb
d:\ssh_projejct\libssh2-1.9.0\win32\debug_dll\vc141.idb
d:\ssh_projejct\libssh2-1.9.0\win32\debug_dll\crypt.obj
d:\ssh_projejct\libssh2-1.9.0\win32\debug_dll\global.obj
d:\ssh_projejct\libssh2-1.9.0\win32\debug_dll\hostkey.obj
d:\ssh_projejct\libssh2-1.9.0\win32\debug_dll\keepalive.obj
d:\ssh_projejct\libssh2-1.9.0\win32\debug_dll\kex.obj
d:\ssh_projejct\libssh2-1.9.0\win32\debug_dll\knownhost.obj
d:\ssh_projejct\libssh2-1.9.0\win32\debug_dll\mac.obj
d:\ssh_projejct\libssh2-1.9.0\win32\debug_dll\mbedtls.obj
d:\ssh_projejct\libssh2-1.9.0\win32\debug_dll\misc.obj
d:\ssh_projejct\libssh2-1.9.0\win32\debug_dll\openssl.obj
d:\ssh_projejct\libssh2-1.9.0\win32\debug_dll\packet.obj
d:\ssh_projejct\libssh2-1.9.0\win32\debug_dll\pem.obj
d:\ssh_projejct\libssh2-1.9.0\win32\debug_dll\publickey.obj
d:\ssh_projejct\libssh2-1.9.0\win32\debug_dll\scp.obj
d:\ssh_projejct\libssh2-1.9.0\win32\debug_dll\session.obj
d:\ssh_projejct\libssh2-1.9.0\win32\debug_dll\sftp.obj
d:\ssh_projejct\libssh2-1.9.0\win32\debug_dll\transport.obj
d:\ssh_projejct\libssh2-1.9.0\win32\debug_dll\userauth.obj
d:\ssh_projejct\libssh2-1.9.0\win32\debug_dll\version.obj
d:\ssh_projejct\libssh2-1.9.0\win32\debug_dll\wincng.obj
d:\ssh_projejct\libssh2-1.9.0\win32\debug_dll\agent.obj
d:\ssh_projejct\libssh2-1.9.0\win32\debug_dll\bcrypt_pbkdf.obj
d:\ssh_projejct\libssh2-1.9.0\win32\debug_dll\blowfish.obj
d:\ssh_projejct\libssh2-1.9.0\win32\debug_dll\channel.obj
d:\ssh_projejct\libssh2-1.9.0\win32\debug_dll\comp.obj
d:\ssh_projejct\libssh2-1.9.0\win32\debug_dll\libssh2.lib
d:\ssh_projejct\libssh2-1.9.0\win32\debug_dll\libssh2.exp
d:\ssh_projejct\libssh2-1.9.0\win32\debug_dll\libssh2.dll
d:\ssh_projejct\libssh2-1.9.0\win32\debug_dll\libssh2.pdb
d:\ssh_projejct\libssh2-1.9.0\win32\.\debug_dll\libssh2.dll
d:\ssh_projejct\libssh2-1.9.0\win32\debug_dll\libssh2.tlog\cl.command.1.tlog
d:\ssh_projejct\libssh2-1.9.0\win32\debug_dll\libssh2.tlog\cl.read.1.tlog
d:\ssh_projejct\libssh2-1.9.0\win32\debug_dll\libssh2.tlog\cl.write.1.tlog
d:\ssh_projejct\libssh2-1.9.0\win32\debug_dll\libssh2.tlog\libssh2.write.1u.tlog
d:\ssh_projejct\libssh2-1.9.0\win32\debug_dll\libssh2.tlog\link.command.1.tlog
d:\ssh_projejct\libssh2-1.9.0\win32\debug_dll\libssh2.tlog\link.read.1.tlog
d:\ssh_projejct\libssh2-1.9.0\win32\debug_dll\libssh2.tlog\link.write.1.tlog
